<?xml version="1.0" encoding="UTF-8"?>
<coverage generated="1730571350496" clover="3.2.0">
  <project timestamp="1730571350496" name="All files">
    <metrics statements="3" coveredstatements="0" conditionals="0" coveredconditionals="0" methods="3" coveredmethods="0" elements="6" coveredelements="0" complexity="0" loc="3" ncloc="3" packages="1" files="1" classes="1"/>
    <file name="math.js" path="C:\Users\Patty\Desktop\Surreal Systems\fivver_doup\src\math.js">
      <metrics statements="3" coveredstatements="0" conditionals="0" coveredconditionals="0" methods="3" coveredmethods="0"/>
      <line num="3" count="0" type="stmt"/>
      <line num="8" count="0" type="stmt"/>
      <line num="12" count="0" type="stmt"/>
    </file>
  </project>
</coverage>
