{
  "C:\\Users\\Patty\\Desktop\\Surreal Systems\\fivver_doup\\src\\config\\database.ts": {
    "path": "C:\\Users\\Patty\\Desktop\\Surreal Systems\\fivver_doup\\src\\config\\database.ts",
    "statementMap": {
      "0": {
        "start": { "line": 1, "column": 0 },
        "end": { "line": 1, "column": 38 }
      },
      "1": {
        "start": { "line": 2, "column": 0 },
        "end": { "line": 2, "column": 33 }
      },
      "2": {
        "start": { "line": 4, "column": 0 },
        "end": { "line": 4, "column": 16 }
      },
      "3": {
        "start": { "line": 7, "column": 81 },
        "end": { "line": 7, "column": 92 }
      },
      "4": {
        "start": { "line": 10, "column": 0 },
        "end": { "line": 12, "column": 1 }
      },
      "5": {
        "start": { "line": 11, "column": 4 },
        "end": { "line": 11, "column": 72 }
      },
      "6": {
        "start": { "line": 15, "column": 22 },
        "end": { "line": 15, "column": 62 }
      },
      "7": {
        "start": { "line": 16, "column": 0 },
        "end": { "line": 18, "column": 1 }
      },
      "8": {
        "start": { "line": 17, "column": 4 },
        "end": { "line": 17, "column": 111 }
      },
      "9": {
        "start": { "line": 21, "column": 15 },
        "end": { "line": 21, "column": 32 }
      },
      "10": {
        "start": { "line": 24, "column": 18 },
        "end": { "line": 49, "column": 2 }
      },
      "11": {
        "start": { "line": 69, "column": 9 },
        "end": { "line": 69, "column": 18 }
      },
      "12": {
        "start": { "line": 52, "column": 23 },
        "end": { "line": 67, "column": 1 }
      },
      "13": {
        "start": { "line": 53, "column": 4 },
        "end": { "line": 66, "column": 5 }
      },
      "14": {
        "start": { "line": 54, "column": 8 },
        "end": { "line": 54, "column": 39 }
      },
      "15": {
        "start": { "line": 55, "column": 8 },
        "end": { "line": 55, "column": 78 }
      },
      "16": {
        "start": { "line": 57, "column": 8 },
        "end": { "line": 60, "column": 9 }
      },
      "17": {
        "start": { "line": 58, "column": 12 },
        "end": { "line": 58, "column": 50 }
      },
      "18": {
        "start": { "line": 59, "column": 12 },
        "end": { "line": 59, "column": 64 }
      },
      "19": {
        "start": { "line": 62, "column": 8 },
        "end": { "line": 62, "column": 67 }
      },
      "20": {
        "start": { "line": 63, "column": 8 },
        "end": { "line": 65, "column": 9 }
      },
      "21": {
        "start": { "line": 64, "column": 12 },
        "end": { "line": 64, "column": 28 }
      },
      "22": {
        "start": { "line": 69, "column": 20 },
        "end": { "line": 69, "column": 34 }
      }
    },
    "fnMap": {
      "0": {
        "name": "(anonymous_6)",
        "decl": {
          "start": { "line": 52, "column": 23 },
          "end": { "line": 52, "column": 28 }
        },
        "loc": {
          "start": { "line": 52, "column": 34 },
          "end": { "line": 67, "column": 1 }
        }
      }
    },
    "branchMap": {
      "0": {
        "loc": {
          "start": { "line": 10, "column": 0 },
          "end": { "line": 12, "column": 1 }
        },
        "type": "if",
        "locations": [
          {
            "start": { "line": 10, "column": 0 },
            "end": { "line": 12, "column": 1 }
          }
        ]
      },
      "1": {
        "loc": {
          "start": { "line": 10, "column": 4 },
          "end": { "line": 10, "column": 67 }
        },
        "type": "binary-expr",
        "locations": [
          {
            "start": { "line": 10, "column": 4 },
            "end": { "line": 10, "column": 12 }
          },
          {
            "start": { "line": 10, "column": 16 },
            "end": { "line": 10, "column": 24 }
          },
          {
            "start": { "line": 10, "column": 28 },
            "end": { "line": 10, "column": 40 }
          },
          {
            "start": { "line": 10, "column": 44 },
            "end": { "line": 10, "column": 52 }
          },
          {
            "start": { "line": 10, "column": 56 },
            "end": { "line": 10, "column": 67 }
          }
        ]
      },
      "2": {
        "loc": {
          "start": { "line": 16, "column": 0 },
          "end": { "line": 18, "column": 1 }
        },
        "type": "if",
        "locations": [
          {
            "start": { "line": 16, "column": 0 },
            "end": { "line": 18, "column": 1 }
          }
        ]
      },
      "3": {
        "loc": {
          "start": { "line": 27, "column": 13 },
          "end": { "line": 27, "column": 61 }
        },
        "type": "cond-expr",
        "locations": [
          {
            "start": { "line": 27, "column": 42 },
            "end": { "line": 27, "column": 53 }
          },
          {
            "start": { "line": 27, "column": 56 },
            "end": { "line": 27, "column": 61 }
          }
        ]
      },
      "4": {
        "loc": {
          "start": { "line": 28, "column": 20 },
          "end": { "line": 37, "column": 12 }
        },
        "type": "cond-expr",
        "locations": [
          {
            "start": { "line": 29, "column": 10 },
            "end": { "line": 36, "column": 36 }
          },
          {
            "start": { "line": 37, "column": 10 },
            "end": { "line": 37, "column": 12 }
          }
        ]
      },
      "5": {
        "loc": {
          "start": { "line": 28, "column": 20 },
          "end": { "line": 28, "column": 71 }
        },
        "type": "binary-expr",
        "locations": [
          {
            "start": { "line": 28, "column": 20 },
            "end": { "line": 28, "column": 42 }
          },
          {
            "start": { "line": 28, "column": 46 },
            "end": { "line": 28, "column": 71 }
          }
        ]
      },
      "6": {
        "loc": {
          "start": { "line": 29, "column": 10 },
          "end": { "line": 36, "column": 36 }
        },
        "type": "cond-expr",
        "locations": [
          {
            "start": { "line": 30, "column": 14 },
            "end": { "line": 35, "column": null }
          },
          {
            "start": { "line": 36, "column": 14 },
            "end": { "line": 36, "column": 36 }
          }
        ]
      },
      "7": {
        "loc": {
          "start": { "line": 57, "column": 8 },
          "end": { "line": 60, "column": 9 }
        },
        "type": "if",
        "locations": [
          {
            "start": { "line": 57, "column": 8 },
            "end": { "line": 60, "column": 9 }
          }
        ]
      },
      "8": {
        "loc": {
          "start": { "line": 63, "column": 8 },
          "end": { "line": 65, "column": 9 }
        },
        "type": "if",
        "locations": [
          {
            "start": { "line": 63, "column": 8 },
            "end": { "line": 65, "column": 9 }
          }
        ]
      }
    },
    "s": {
      "0": 1,
      "1": 1,
      "2": 2,
      "3": 2,
      "4": 2,
      "5": 0,
      "6": 2,
      "7": 2,
      "8": 0,
      "9": 2,
      "10": 2,
      "11": 1,
      "12": 2,
      "13": 4,
      "14": 4,
      "15": 2,
      "16": 2,
      "17": 0,
      "18": 0,
      "19": 2,
      "20": 2,
      "21": 0,
      "22": 1
    },
    "f": { "0": 4 },
    "b": {
      "0": [0],
      "1": [2, 2, 2, 2, 2],
      "2": [0],
      "3": [0, 2],
      "4": [2, 0],
      "5": [2, 0],
      "6": [0, 2],
      "7": [0],
      "8": [0]
    }
  }
}
