{"C:\\Users\\Patty\\Desktop\\Surreal Systems\\fivver_doup\\src\\App.vue": {"path":"C:\\Users\\Patty\\Desktop\\Surreal Systems\\fivver_doup\\src\\App.vue","statementMap":{"0":{"start":{"line":3,"column":0},"end":{"line":5,"column":3}},"1":{"start":{"line":6,"column":0},"end":{"line":6,"column":28}},"2":{"start":{"line":7,"column":15},"end":{"line":9,"column":1}},"3":{"start":{"line":10,"column":0},"end":{"line":10,"column":13}},"4":{"start":{"line":12,"column":0},"end":{"line":14,"column":3}},"5":{"start":{"line":15,"column":0},"end":{"line":15,"column":24}},"6":{"start":{"line":16,"column":11},"end":{"line":16,"column":25}},"7":{"start":{"line":17,"column":17},"end":{"line":19,"column":1}},"8":{"start":{"line":21,"column":2},"end":{"line":21,"column":182}}},"fnMap":{"0":{"name":"render","decl":{"start":{"line":20,"column":9},"end":{"line":20,"column":15}},"loc":{"start":{"line":20,"column":30},"end":{"line":22,"column":1}},"line":20}},"branchMap":{"0":{"loc":{"start":{"line":21,"column":80},"end":{"line":21,"column":180}},"type":"binary-expr","locations":[{"start":{"line":21,"column":80},"end":{"line":21,"column":89}},{"start":{"line":21,"column":94},"end":{"line":21,"column":179}}],"line":21}},"s":{"0":0,"1":0,"2":0,"3":0,"4":0,"5":0,"6":0,"7":0,"8":0},"f":{"0":0},"b":{"0":[0,0]},"inputSourceMap":{"0":"{","1":"\"","2":"v","3":"e","4":"r","5":"s","6":"i","7":"o","8":"n","9":"\"","10":":","11":"3","12":",","13":"\"","14":"s","15":"o","16":"u","17":"r","18":"c","19":"e","20":"s","21":"\"","22":":","23":"[","24":"\"","25":"C","26":":","27":"\\","28":"\\","29":"U","30":"s","31":"e","32":"r","33":"s","34":"\\","35":"\\","36":"P","37":"a","38":"t","39":"t","40":"y","41":"\\","42":"\\","43":"D","44":"e","45":"s","46":"k","47":"t","48":"o","49":"p","50":"\\","51":"\\","52":"S","53":"u","54":"r","55":"r","56":"e","57":"a","58":"l","59":" ","60":"S","61":"y","62":"s","63":"t","64":"e","65":"m","66":"s","67":"\\","68":"\\","69":"f","70":"i","71":"v","72":"v","73":"e","74":"r","75":"_","76":"d","77":"o","78":"u","79":"p","80":"\\","81":"\\","82":"s","83":"r","84":"c","85":"\\","86":"\\","87":"A","88":"p","89":"p","90":".","91":"v","92":"u","93":"e","94":"\"","95":"]","96":",","97":"\"","98":"n","99":"a","100":"m","101":"e","102":"s","103":"\"","104":":","105":"[","106":"]","107":",","108":"\"","109":"m","110":"a","111":"p","112":"p","113":"i","114":"n","115":"g","116":"s","117":"\"","118":":","119":"\"","120":";","121":";","122":";","123":";","124":";","125":";","126":"o","127":"C","128":"A","129":"O","130":"e","131":";","132":"E","133":"A","134":"C","135":"b","136":",","137":"I","138":"A","139":"A","140":"I","141":",","142":"E","143":"A","144":"A","145":"E","146":";","147":"A","148":"A","149":"C","150":"R","151":",","152":"C","153":"A","154":"A","155":"C","156":"\"","157":",","158":"\"","159":"f","160":"i","161":"l","162":"e","163":"\"","164":":","165":"\"","166":"C","167":":","168":"\\","169":"\\","170":"U","171":"s","172":"e","173":"r","174":"s","175":"\\","176":"\\","177":"P","178":"a","179":"t","180":"t","181":"y","182":"\\","183":"\\","184":"D","185":"e","186":"s","187":"k","188":"t","189":"o","190":"p","191":"\\","192":"\\","193":"S","194":"u","195":"r","196":"r","197":"e","198":"a","199":"l","200":" ","201":"S","202":"y","203":"s","204":"t","205":"e","206":"m","207":"s","208":"\\","209":"\\","210":"f","211":"i","212":"v","213":"v","214":"e","215":"r","216":"_","217":"d","218":"o","219":"u","220":"p","221":"\\","222":"\\","223":"s","224":"r","225":"c","226":"\\","227":"\\","228":"A","229":"p","230":"p","231":".","232":"v","233":"u","234":"e","235":"\"","236":",","237":"\"","238":"s","239":"o","240":"u","241":"r","242":"c","243":"e","244":"s","245":"C","246":"o","247":"n","248":"t","249":"e","250":"n","251":"t","252":"\"","253":":","254":"[","255":"\"","256":"<","257":"t","258":"e","259":"m","260":"p","261":"l","262":"a","263":"t","264":"e","265":">","266":"\\","267":"r","268":"\\","269":"n","270":" ","271":" ","272":"<","273":"d","274":"i","275":"v","276":" ","277":"i","278":"d","279":"=","280":"\\","281":"\"","282":"a","283":"p","284":"p","285":"\\","286":"\"","287":">","288":"\\","289":"r","290":"\\","291":"n","292":" ","293":" ","294":" ","295":" ","296":"<","297":"h","298":"1","299":">","300":"W","301":"e","302":"l","303":"c","304":"o","305":"m","306":"e","307":" ","308":"t","309":"o","310":" ","311":"F","312":"i","313":"v","314":"v","315":"e","316":"r","317":" ","318":"D","319":"o","320":"u","321":"p","322":"!","323":"<","324":"/","325":"h","326":"1","327":">","328":"\\","329":"r","330":"\\","331":"n","332":" ","333":" ","334":"<","335":"/","336":"d","337":"i","338":"v","339":">","340":"\\","341":"r","342":"\\","343":"n","344":"<","345":"/","346":"t","347":"e","348":"m","349":"p","350":"l","351":"a","352":"t","353":"e","354":">","355":"\\","356":"r","357":"\\","358":"n","359":"\\","360":"r","361":"\\","362":"n","363":"<","364":"s","365":"c","366":"r","367":"i","368":"p","369":"t","370":">","371":"\\","372":"r","373":"\\","374":"n","375":"e","376":"x","377":"p","378":"o","379":"r","380":"t","381":" ","382":"d","383":"e","384":"f","385":"a","386":"u","387":"l","388":"t","389":" ","390":"{","391":"\\","392":"r","393":"\\","394":"n","395":" ","396":" ","397":"n","398":"a","399":"m","400":"e","401":":","402":" ","403":"'","404":"A","405":"p","406":"p","407":"'","408":",","409":"\\","410":"r","411":"\\","412":"n","413":"}","414":";","415":"\\","416":"r","417":"\\","418":"n","419":"<","420":"/","421":"s","422":"c","423":"r","424":"i","425":"p","426":"t","427":">","428":"\\","429":"r","430":"\\","431":"n","432":"\\","433":"r","434":"\\","435":"n","436":"<","437":"s","438":"t","439":"y","440":"l","441":"e","442":" ","443":"s","444":"c","445":"o","446":"p","447":"e","448":"d","449":">","450":"\\","451":"r","452":"\\","453":"n","454":"#","455":"a","456":"p","457":"p","458":" ","459":"{","460":"\\","461":"r","462":"\\","463":"n","464":" ","465":" ","466":"t","467":"e","468":"x","469":"t","470":"-","471":"a","472":"l","473":"i","474":"g","475":"n","476":":","477":" ","478":"c","479":"e","480":"n","481":"t","482":"e","483":"r","484":";","485":"\\","486":"r","487":"\\","488":"n","489":" ","490":" ","491":"p","492":"a","493":"d","494":"d","495":"i","496":"n","497":"g","498":":","499":" ","500":"2","501":"0","502":"p","503":"x","504":";","505":"\\","506":"r","507":"\\","508":"n","509":"}","510":"\\","511":"r","512":"\\","513":"n","514":"\\","515":"r","516":"\\","517":"n","518":"h","519":"1","520":" ","521":"{","522":"\\","523":"r","524":"\\","525":"n","526":" ","527":" ","528":"c","529":"o","530":"l","531":"o","532":"r","533":":","534":" ","535":"#","536":"4","537":"2","538":"b","539":"9","540":"8","541":"3","542":";","543":"\\","544":"r","545":"\\","546":"n","547":" ","548":" ","549":"f","550":"o","551":"n","552":"t","553":"-","554":"f","555":"a","556":"m","557":"i","558":"l","559":"y","560":":","561":" ","562":"'","563":"A","564":"r","565":"i","566":"a","567":"l","568":"'","569":",","570":" ","571":"s","572":"a","573":"n","574":"s","575":"-","576":"s","577":"e","578":"r","579":"i","580":"f","581":";","582":" ","583":"/","584":"*","585":" ","586":"A","587":"d","588":"d","589":"i","590":"n","591":"g","592":" ","593":"f","594":"o","595":"n","596":"t","597":" ","598":"f","599":"o","600":"r","601":" ","602":"b","603":"e","604":"t","605":"t","606":"e","607":"r","608":" ","609":"t","610":"e","611":"x","612":"t","613":" ","614":"s","615":"t","616":"y","617":"l","618":"e","619":" ","620":"*","621":"/","622":"\\","623":"r","624":"\\","625":"n","626":" ","627":" ","628":"f","629":"o","630":"n","631":"t","632":"-","633":"s","634":"i","635":"z","636":"e","637":":","638":" ","639":"2","640":".","641":"5","642":"r","643":"e","644":"m","645":";","646":" ","647":"/","648":"*","649":" ","650":"A","651":"d","652":"j","653":"u","654":"s","655":"t","656":"i","657":"n","658":"g","659":" ","660":"f","661":"o","662":"n","663":"t","664":" ","665":"s","666":"i","667":"z","668":"e","669":" ","670":"*","671":"/","672":"\\","673":"r","674":"\\","675":"n","676":" ","677":" ","678":"f","679":"o","680":"n","681":"t","682":"-","683":"w","684":"e","685":"i","686":"g","687":"h","688":"t","689":":","690":" ","691":"b","692":"o","693":"l","694":"d","695":";","696":"\\","697":"r","698":"\\","699":"n","700":" ","701":" ","702":"m","703":"a","704":"r","705":"g","706":"i","707":"n","708":"-","709":"t","710":"o","711":"p","712":":","713":" ","714":"2","715":"0","716":"p","717":"x","718":";","719":"\\","720":"r","721":"\\","722":"n","723":"}","724":"\\","725":"r","726":"\\","727":"n","728":"<","729":"/","730":"s","731":"t","732":"y","733":"l","734":"e","735":">","736":"\\","737":"r","738":"\\","739":"n","740":"\"","741":"]","742":"}"}}
,"C:\\Users\\Patty\\Desktop\\Surreal Systems\\fivver_doup\\src\\database.js": {"path":"C:\\Users\\Patty\\Desktop\\Surreal Systems\\fivver_doup\\src\\database.js","statementMap":{"0":{"start":{"line":2,"column":22},"end":{"line":2,"column":42}},"1":{"start":{"line":3,"column":0},"end":{"line":3,"column":27}},"2":{"start":{"line":6,"column":15},"end":{"line":6,"column":34}},"3":{"start":{"line":9,"column":20},"end":{"line":9,"column":57}},"4":{"start":{"line":12,"column":17},"end":{"line":12,"column":40}},"5":{"start":{"line":14,"column":0},"end":{"line":17,"column":1}},"6":{"start":{"line":15,"column":4},"end":{"line":15,"column":85}},"7":{"start":{"line":16,"column":4},"end":{"line":16,"column":20}},"8":{"start":{"line":20,"column":18},"end":{"line":24,"column":2}},"9":{"start":{"line":27,"column":23},"end":{"line":35,"column":1}},"10":{"start":{"line":28,"column":4},"end":{"line":34,"column":5}},"11":{"start":{"line":29,"column":8},"end":{"line":29,"column":39}},"12":{"start":{"line":30,"column":8},"end":{"line":30,"column":78}},"13":{"start":{"line":32,"column":8},"end":{"line":32,"column":75}},"14":{"start":{"line":33,"column":8},"end":{"line":33,"column":24}},"15":{"start":{"line":38,"column":0},"end":{"line":38,"column":17}},"16":{"start":{"line":41,"column":0},"end":{"line":41,"column":27}}},"fnMap":{"0":{"name":"(anonymous_0)","decl":{"start":{"line":27,"column":23},"end":{"line":27,"column":24}},"loc":{"start":{"line":27,"column":35},"end":{"line":35,"column":1}},"line":27}},"branchMap":{"0":{"loc":{"start":{"line":9,"column":20},"end":{"line":9,"column":57}},"type":"binary-expr","locations":[{"start":{"line":9,"column":20},"end":{"line":9,"column":40}},{"start":{"line":9,"column":44},"end":{"line":9,"column":57}}],"line":9},"1":{"loc":{"start":{"line":14,"column":0},"end":{"line":17,"column":1}},"type":"if","locations":[{"start":{"line":14,"column":0},"end":{"line":17,"column":1}},{"start":{},"end":{}}],"line":14}},"s":{"0":0,"1":0,"2":0,"3":0,"4":0,"5":0,"6":0,"7":0,"8":0,"9":0,"10":0,"11":0,"12":0,"13":0,"14":0,"15":0,"16":0},"f":{"0":0},"b":{"0":[0,0],"1":[0,0]}}
,"C:\\Users\\Patty\\Desktop\\Surreal Systems\\fivver_doup\\src\\index.ts": {"path":"C:\\Users\\Patty\\Desktop\\Surreal Systems\\fivver_doup\\src\\index.ts","statementMap":{"0":{"start":{"line":1,"column":0},"end":{"line":1,"column":53}},"1":{"start":{"line":2,"column":0},"end":{"line":2,"column":24}},"2":{"start":{"line":3,"column":0},"end":{"line":3,"column":28}},"3":{"start":{"line":4,"column":0},"end":{"line":4,"column":62}},"4":{"start":{"line":5,"column":0},"end":{"line":5,"column":39}},"5":{"start":{"line":8,"column":0},"end":{"line":8,"column":16}},"6":{"start":{"line":11,"column":12},"end":{"line":11,"column":21}},"7":{"start":{"line":56,"column":9},"end":{"line":56,"column":12}},"8":{"start":{"line":14,"column":0},"end":{"line":14,"column":24}},"9":{"start":{"line":15,"column":0},"end":{"line":15,"column":16}},"10":{"start":{"line":18,"column":0},"end":{"line":20,"column":3}},"11":{"start":{"line":19,"column":4},"end":{"line":19,"column":42}},"12":{"start":{"line":23,"column":0},"end":{"line":23,"column":34}},"13":{"start":{"line":26,"column":20},"end":{"line":47,"column":1}},"14":{"start":{"line":27,"column":4},"end":{"line":46,"column":5}},"15":{"start":{"line":29,"column":8},"end":{"line":29,"column":31}},"16":{"start":{"line":30,"column":8},"end":{"line":30,"column":55}},"17":{"start":{"line":33,"column":30},"end":{"line":33,"column":68}},"18":{"start":{"line":34,"column":28},"end":{"line":34,"column":64}},"19":{"start":{"line":35,"column":8},"end":{"line":35,"column":42}},"20":{"start":{"line":36,"column":8},"end":{"line":36,"column":53}},"21":{"start":{"line":39,"column":21},"end":{"line":39,"column":45}},"22":{"start":{"line":40,"column":8},"end":{"line":42,"column":11}},"23":{"start":{"line":41,"column":12},"end":{"line":41,"column":58}},"24":{"start":{"line":44,"column":8},"end":{"line":44,"column":110}},"25":{"start":{"line":45,"column":8},"end":{"line":45,"column":24}},"26":{"start":{"line":51,"column":0},"end":{"line":53,"column":1}},"27":{"start":{"line":52,"column":4},"end":{"line":52,"column":18}}},"fnMap":{"0":{"name":"(anonymous_1)","decl":{"start":{"line":18,"column":13},"end":{"line":18,"column":14}},"loc":{"start":{"line":18,"column":45},"end":{"line":20,"column":1}}},"1":{"name":"(anonymous_2)","decl":{"start":{"line":26,"column":20},"end":{"line":26,"column":25}},"loc":{"start":{"line":26,"column":46},"end":{"line":47,"column":1}}},"2":{"name":"(anonymous_3)","decl":{"start":{"line":40,"column":25},"end":{"line":40,"column":28}},"loc":{"start":{"line":40,"column":30},"end":{"line":42,"column":9}}}},"branchMap":{"0":{"loc":{"start":{"line":34,"column":28},"end":{"line":34,"column":64}},"type":"cond-expr","locations":[{"start":{"line":34,"column":44},"end":{"line":34,"column":59}},{"start":{"line":34,"column":62},"end":{"line":34,"column":64}}]},"1":{"loc":{"start":{"line":39,"column":21},"end":{"line":39,"column":45}},"type":"binary-expr","locations":[{"start":{"line":39,"column":21},"end":{"line":39,"column":37}},{"start":{"line":39,"column":41},"end":{"line":39,"column":45}}]},"2":{"loc":{"start":{"line":44,"column":52},"end":{"line":44,"column":108}},"type":"cond-expr","locations":[{"start":{"line":44,"column":77},"end":{"line":44,"column":90}},{"start":{"line":44,"column":93},"end":{"line":44,"column":108}}]},"3":{"loc":{"start":{"line":51,"column":0},"end":{"line":53,"column":1}},"type":"if","locations":[{"start":{"line":51,"column":0},"end":{"line":53,"column":1}}]}},"s":{"0":0,"1":0,"2":0,"3":0,"4":0,"5":0,"6":0,"7":0,"8":0,"9":0,"10":0,"11":0,"12":0,"13":0,"14":0,"15":0,"16":0,"17":0,"18":0,"19":0,"20":0,"21":0,"22":0,"23":0,"24":0,"25":0,"26":0,"27":0},"f":{"0":0,"1":0,"2":0},"b":{"0":[0,0],"1":[0,0],"2":[0,0],"3":[0]}}
,"C:\\Users\\Patty\\Desktop\\Surreal Systems\\fivver_doup\\src\\main.js": {"path":"C:\\Users\\Patty\\Desktop\\Surreal Systems\\fivver_doup\\src\\main.js","statementMap":{"0":{"start":{"line":4,"column":12},"end":{"line":4,"column":26}},"1":{"start":{"line":6,"column":0},"end":{"line":6,"column":18}}},"fnMap":{},"branchMap":{},"s":{"0":0,"1":0},"f":{},"b":{}}
,"C:\\Users\\Patty\\Desktop\\Surreal Systems\\fivver_doup\\src\\_tests_\\mockData.js": {"path":"C:\\Users\\Patty\\Desktop\\Surreal Systems\\fivver_doup\\src\\_tests_\\mockData.js","statementMap":{"0":{"start":{"line":4,"column":18},"end":{"line":7,"column":1}},"1":{"start":{"line":9,"column":21},"end":{"line":12,"column":1}},"2":{"start":{"line":15,"column":0},"end":{"line":15,"column":45}}},"fnMap":{},"branchMap":{},"s":{"0":0,"1":0,"2":0},"f":{},"b":{}}
,"C:\\Users\\Patty\\Desktop\\Surreal Systems\\fivver_doup\\src\\_tests_\\testUtils.js": {"path":"C:\\Users\\Patty\\Desktop\\Surreal Systems\\fivver_doup\\src\\_tests_\\testUtils.js","statementMap":{"0":{"start":{"line":5,"column":2},"end":{"line":5,"column":58}},"1":{"start":{"line":8,"column":0},"end":{"line":23,"column":3}},"2":{"start":{"line":9,"column":2},"end":{"line":12,"column":5}},"3":{"start":{"line":10,"column":21},"end":{"line":10,"column":51}},"4":{"start":{"line":11,"column":6},"end":{"line":11,"column":35}},"5":{"start":{"line":14,"column":2},"end":{"line":17,"column":5}},"6":{"start":{"line":15,"column":21},"end":{"line":15,"column":51}},"7":{"start":{"line":16,"column":6},"end":{"line":16,"column":35}},"8":{"start":{"line":19,"column":2},"end":{"line":22,"column":5}},"9":{"start":{"line":20,"column":21},"end":{"line":20,"column":46}},"10":{"start":{"line":21,"column":6},"end":{"line":21,"column":30}}},"fnMap":{"0":{"name":"capitalizeFirstLetter","decl":{"start":{"line":4,"column":9},"end":{"line":4,"column":30}},"loc":{"start":{"line":4,"column":39},"end":{"line":6,"column":1}},"line":4},"1":{"name":"(anonymous_1)","decl":{"start":{"line":8,"column":23},"end":{"line":8,"column":24}},"loc":{"start":{"line":8,"column":29},"end":{"line":23,"column":1}},"line":8},"2":{"name":"(anonymous_2)","decl":{"start":{"line":9,"column":79},"end":{"line":9,"column":80}},"loc":{"start":{"line":9,"column":85},"end":{"line":12,"column":3}},"line":9},"3":{"name":"(anonymous_3)","decl":{"start":{"line":14,"column":104},"end":{"line":14,"column":105}},"loc":{"start":{"line":14,"column":110},"end":{"line":17,"column":3}},"line":14},"4":{"name":"(anonymous_4)","decl":{"start":{"line":19,"column":80},"end":{"line":19,"column":81}},"loc":{"start":{"line":19,"column":86},"end":{"line":22,"column":3}},"line":19}},"branchMap":{},"s":{"0":0,"1":0,"2":0,"3":0,"4":0,"5":0,"6":0,"7":0,"8":0,"9":0,"10":0},"f":{"0":0,"1":0,"2":0,"3":0,"4":0},"b":{}}
,"C:\\Users\\Patty\\Desktop\\Surreal Systems\\fivver_doup\\src\\components\\MyComponent.vue": {"path":"C:\\Users\\Patty\\Desktop\\Surreal Systems\\fivver_doup\\src\\components\\MyComponent.vue","statementMap":{"0":{"start":{"line":3,"column":0},"end":{"line":5,"column":3}},"1":{"start":{"line":6,"column":0},"end":{"line":6,"column":28}},"2":{"start":{"line":7,"column":15},"end":{"line":15,"column":1}},"3":{"start":{"line":16,"column":0},"end":{"line":16,"column":13}},"4":{"start":{"line":18,"column":0},"end":{"line":20,"column":3}},"5":{"start":{"line":21,"column":0},"end":{"line":21,"column":24}},"6":{"start":{"line":22,"column":11},"end":{"line":22,"column":25}},"7":{"start":{"line":24,"column":2},"end":{"line":24,"column":160}}},"fnMap":{"0":{"name":"render","decl":{"start":{"line":23,"column":9},"end":{"line":23,"column":15}},"loc":{"start":{"line":23,"column":30},"end":{"line":25,"column":1}},"line":23}},"branchMap":{},"s":{"0":0,"1":0,"2":0,"3":0,"4":0,"5":0,"6":0,"7":0},"f":{"0":0},"b":{},"inputSourceMap":{"0":"{","1":"\"","2":"v","3":"e","4":"r","5":"s","6":"i","7":"o","8":"n","9":"\"","10":":","11":"3","12":",","13":"\"","14":"s","15":"o","16":"u","17":"r","18":"c","19":"e","20":"s","21":"\"","22":":","23":"[","24":"\"","25":"C","26":":","27":"\\","28":"\\","29":"U","30":"s","31":"e","32":"r","33":"s","34":"\\","35":"\\","36":"P","37":"a","38":"t","39":"t","40":"y","41":"\\","42":"\\","43":"D","44":"e","45":"s","46":"k","47":"t","48":"o","49":"p","50":"\\","51":"\\","52":"S","53":"u","54":"r","55":"r","56":"e","57":"a","58":"l","59":" ","60":"S","61":"y","62":"s","63":"t","64":"e","65":"m","66":"s","67":"\\","68":"\\","69":"f","70":"i","71":"v","72":"v","73":"e","74":"r","75":"_","76":"d","77":"o","78":"u","79":"p","80":"\\","81":"\\","82":"s","83":"r","84":"c","85":"\\","86":"\\","87":"c","88":"o","89":"m","90":"p","91":"o","92":"n","93":"e","94":"n","95":"t","96":"s","97":"\\","98":"\\","99":"M","100":"y","101":"C","102":"o","103":"m","104":"p","105":"o","106":"n","107":"e","108":"n","109":"t","110":".","111":"v","112":"u","113":"e","114":"\"","115":"]","116":",","117":"\"","118":"n","119":"a","120":"m","121":"e","122":"s","123":"\"","124":":","125":"[","126":"]","127":",","128":"\"","129":"m","130":"a","131":"p","132":"p","133":"i","134":"n","135":"g","136":"s","137":"\"","138":":","139":"\"","140":";","141":";","142":";","143":";","144":";","145":";","146":"o","147":"C","148":"A","149":"O","150":"e","151":";","152":"E","153":"A","154":"C","155":"b","156":",","157":"I","158":"A","159":"A","160":"I","161":",","162":"E","163":"A","164":"A","165":"E","166":",","167":"a","168":"A","169":"A","170":"a","171":";","172":"E","173":"A","174":"C","175":"n","176":"B","177":",","178":"K","179":"A","180":"A","181":"K","182":",","183":"E","184":"A","185":"A","186":"E","187":";","188":"I","189":"A","190":"C","191":"L","192":",","193":"K","194":"A","195":"A","196":"K","197":",","198":"E","199":"A","200":"A","201":"E","202":";","203":"M","204":"A","205":"C","206":"L","207":",","208":"I","209":"A","210":"A","211":"I","212":",","213":"E","214":"A","215":"A","216":"E","217":",","218":"M","219":"A","220":"A","221":"M","222":";","223":"M","224":"A","225":"C","226":"Z","227":",","228":"W","229":"A","230":"A","231":"S","232":";","233":"I","234":"A","235":"C","236":"X","237":";","238":"E","239":"A","240":"C","241":"F","242":";","243":"A","244":"A","245":"C","246":"F","247":",","248":"C","249":"A","250":"A","251":"C","252":"\"","253":",","254":"\"","255":"f","256":"i","257":"l","258":"e","259":"\"","260":":","261":"\"","262":"C","263":":","264":"\\","265":"\\","266":"U","267":"s","268":"e","269":"r","270":"s","271":"\\","272":"\\","273":"P","274":"a","275":"t","276":"t","277":"y","278":"\\","279":"\\","280":"D","281":"e","282":"s","283":"k","284":"t","285":"o","286":"p","287":"\\","288":"\\","289":"S","290":"u","291":"r","292":"r","293":"e","294":"a","295":"l","296":" ","297":"S","298":"y","299":"s","300":"t","301":"e","302":"m","303":"s","304":"\\","305":"\\","306":"f","307":"i","308":"v","309":"v","310":"e","311":"r","312":"_","313":"d","314":"o","315":"u","316":"p","317":"\\","318":"\\","319":"s","320":"r","321":"c","322":"\\","323":"\\","324":"c","325":"o","326":"m","327":"p","328":"o","329":"n","330":"e","331":"n","332":"t","333":"s","334":"\\","335":"\\","336":"M","337":"y","338":"C","339":"o","340":"m","341":"p","342":"o","343":"n","344":"e","345":"n","346":"t","347":".","348":"v","349":"u","350":"e","351":"\"","352":",","353":"\"","354":"s","355":"o","356":"u","357":"r","358":"c","359":"e","360":"s","361":"C","362":"o","363":"n","364":"t","365":"e","366":"n","367":"t","368":"\"","369":":","370":"[","371":"\"","372":"<","373":"t","374":"e","375":"m","376":"p","377":"l","378":"a","379":"t","380":"e","381":">","382":"\\","383":"r","384":"\\","385":"n","386":" ","387":" ","388":"<","389":"d","390":"i","391":"v","392":">","393":"\\","394":"r","395":"\\","396":"n","397":" ","398":" ","399":" ","400":" ","401":"<","402":"h","403":"1","404":">","405":"{","406":"{","407":" ","408":"t","409":"i","410":"t","411":"l","412":"e","413":" ","414":"}","415":"}","416":"<","417":"/","418":"h","419":"1","420":">","421":"\\","422":"r","423":"\\","424":"n","425":" ","426":" ","427":"<","428":"/","429":"d","430":"i","431":"v","432":">","433":"\\","434":"r","435":"\\","436":"n","437":"<","438":"/","439":"t","440":"e","441":"m","442":"p","443":"l","444":"a","445":"t","446":"e","447":">","448":"\\","449":"r","450":"\\","451":"n","452":"\\","453":"r","454":"\\","455":"n","456":"<","457":"s","458":"c","459":"r","460":"i","461":"p","462":"t","463":">","464":"\\","465":"r","466":"\\","467":"n","468":"e","469":"x","470":"p","471":"o","472":"r","473":"t","474":" ","475":"d","476":"e","477":"f","478":"a","479":"u","480":"l","481":"t","482":" ","483":"{","484":"\\","485":"r","486":"\\","487":"n","488":" ","489":" ","490":"n","491":"a","492":"m","493":"e","494":":","495":" ","496":"'","497":"M","498":"y","499":"C","500":"o","501":"m","502":"p","503":"o","504":"n","505":"e","506":"n","507":"t","508":"'","509":",","510":" ","511":"/","512":"/","513":" ","514":"D","515":"e","516":"f","517":"i","518":"n","519":"e","520":"s","521":" ","522":"t","523":"h","524":"e","525":" ","526":"n","527":"a","528":"m","529":"e","530":" ","531":"o","532":"f","533":" ","534":"t","535":"h","536":"e","537":" ","538":"c","539":"o","540":"m","541":"p","542":"o","543":"n","544":"e","545":"n","546":"t","547":"\\","548":"r","549":"\\","550":"n","551":" ","552":" ","553":"p","554":"r","555":"o","556":"p","557":"s","558":":","559":" ","560":"{","561":"\\","562":"r","563":"\\","564":"n","565":" ","566":" ","567":" ","568":" ","569":"t","570":"i","571":"t","572":"l","573":"e","574":":","575":" ","576":"{","577":"\\","578":"r","579":"\\","580":"n","581":" ","582":" ","583":" ","584":" ","585":" ","586":" ","587":"t","588":"y","589":"p","590":"e","591":":","592":" ","593":"S","594":"t","595":"r","596":"i","597":"n","598":"g","599":",","600":"\\","601":"r","602":"\\","603":"n","604":" ","605":" ","606":" ","607":" ","608":" ","609":" ","610":"d","611":"e","612":"f","613":"a","614":"u","615":"l","616":"t","617":":","618":" ","619":"'","620":"D","621":"e","622":"f","623":"a","624":"u","625":"l","626":"t","627":" ","628":"T","629":"i","630":"t","631":"l","632":"e","633":"'","634":",","635":" ","636":"/","637":"/","638":" ","639":"D","640":"e","641":"f","642":"a","643":"u","644":"l","645":"t","646":" ","647":"t","648":"i","649":"t","650":"l","651":"e","652":" ","653":"i","654":"f","655":" ","656":"n","657":"o","658":" ","659":"p","660":"r","661":"o","662":"p","663":" ","664":"i","665":"s","666":" ","667":"p","668":"a","669":"s","670":"s","671":"e","672":"d","673":"\\","674":"r","675":"\\","676":"n","677":" ","678":" ","679":" ","680":" ","681":"}","682":",","683":"\\","684":"r","685":"\\","686":"n","687":" ","688":" ","689":"}","690":",","691":"\\","692":"r","693":"\\","694":"n","695":"}","696":";","697":"\\","698":"r","699":"\\","700":"n","701":"<","702":"/","703":"s","704":"c","705":"r","706":"i","707":"p","708":"t","709":">","710":"\\","711":"r","712":"\\","713":"n","714":"\\","715":"r","716":"\\","717":"n","718":"<","719":"s","720":"t","721":"y","722":"l","723":"e","724":" ","725":"s","726":"c","727":"o","728":"p","729":"e","730":"d","731":">","732":"\\","733":"r","734":"\\","735":"n","736":"/","737":"*","738":" ","739":"S","740":"c","741":"o","742":"p","743":"e","744":"d","745":" ","746":"s","747":"t","748":"y","749":"l","750":"e","751":"s","752":" ","753":"s","754":"p","755":"e","756":"c","757":"i","758":"f","759":"i","760":"c","761":" ","762":"t","763":"o","764":" ","765":"M","766":"y","767":"C","768":"o","769":"m","770":"p","771":"o","772":"n","773":"e","774":"n","775":"t","776":" ","777":"*","778":"/","779":"\\","780":"r","781":"\\","782":"n","783":"h","784":"1","785":" ","786":"{","787":"\\","788":"r","789":"\\","790":"n","791":" ","792":" ","793":"f","794":"o","795":"n","796":"t","797":"-","798":"s","799":"i","800":"z","801":"e","802":":","803":" ","804":"2","805":"r","806":"e","807":"m","808":";","809":"\\","810":"r","811":"\\","812":"n","813":" ","814":" ","815":"c","816":"o","817":"l","818":"o","819":"r","820":":","821":" ","822":"#","823":"3","824":"3","825":"3","826":";","827":"\\","828":"r","829":"\\","830":"n","831":"}","832":"\\","833":"r","834":"\\","835":"n","836":"<","837":"/","838":"s","839":"t","840":"y","841":"l","842":"e","843":">","844":"\\","845":"r","846":"\\","847":"n","848":"\"","849":"]","850":"}"}}
,"C:\\Users\\Patty\\Desktop\\Surreal Systems\\fivver_doup\\src\\config\\babel.config.js": {"path":"C:\\Users\\Patty\\Desktop\\Surreal Systems\\fivver_doup\\src\\config\\babel.config.js","statementMap":{"0":{"start":{"line":1,"column":0},"end":{"line":6,"column":2}}},"fnMap":{},"branchMap":{},"s":{"0":0},"f":{},"b":{}}
,"C:\\Users\\Patty\\Desktop\\Surreal Systems\\fivver_doup\\src\\config\\config.js": {"path":"C:\\Users\\Patty\\Desktop\\Surreal Systems\\fivver_doup\\src\\config\\config.js","statementMap":{"0":{"start":{"line":1,"column":22},"end":{"line":1,"column":42}},"1":{"start":{"line":2,"column":15},"end":{"line":2,"column":32}},"2":{"start":{"line":5,"column":0},"end":{"line":5,"column":16}},"3":{"start":{"line":16,"column":4},"end":{"line":16,"column":15}},"4":{"start":{"line":19,"column":0},"end":{"line":21,"column":1}},"5":{"start":{"line":20,"column":2},"end":{"line":20,"column":69}},"6":{"start":{"line":24,"column":15},"end":{"line":24,"column":32}},"7":{"start":{"line":27,"column":18},"end":{"line":36,"column":2}},"8":{"start":{"line":39,"column":0},"end":{"line":46,"column":5}},"9":{"start":{"line":41,"column":4},"end":{"line":41,"column":64}},"10":{"start":{"line":44,"column":4},"end":{"line":44,"column":76}},"11":{"start":{"line":45,"column":4},"end":{"line":45,"column":20}},"12":{"start":{"line":48,"column":0},"end":{"line":48,"column":27}}},"fnMap":{"0":{"name":"(anonymous_0)","decl":{"start":{"line":40,"column":8},"end":{"line":40,"column":9}},"loc":{"start":{"line":40,"column":14},"end":{"line":42,"column":3}},"line":40},"1":{"name":"(anonymous_1)","decl":{"start":{"line":43,"column":9},"end":{"line":43,"column":10}},"loc":{"start":{"line":43,"column":18},"end":{"line":46,"column":3}},"line":43}},"branchMap":{"0":{"loc":{"start":{"line":19,"column":0},"end":{"line":21,"column":1}},"type":"if","locations":[{"start":{"line":19,"column":0},"end":{"line":21,"column":1}},{"start":{},"end":{}}],"line":19},"1":{"loc":{"start":{"line":19,"column":4},"end":{"line":19,"column":67}},"type":"binary-expr","locations":[{"start":{"line":19,"column":4},"end":{"line":19,"column":12}},{"start":{"line":19,"column":16},"end":{"line":19,"column":24}},{"start":{"line":19,"column":28},"end":{"line":19,"column":40}},{"start":{"line":19,"column":44},"end":{"line":19,"column":52}},{"start":{"line":19,"column":56},"end":{"line":19,"column":67}}],"line":19},"2":{"loc":{"start":{"line":30,"column":11},"end":{"line":30,"column":59}},"type":"cond-expr","locations":[{"start":{"line":30,"column":40},"end":{"line":30,"column":51}},{"start":{"line":30,"column":54},"end":{"line":30,"column":59}}],"line":30},"3":{"loc":{"start":{"line":44,"column":56},"end":{"line":44,"column":74}},"type":"binary-expr","locations":[{"start":{"line":44,"column":56},"end":{"line":44,"column":67}},{"start":{"line":44,"column":71},"end":{"line":44,"column":74}}],"line":44}},"s":{"0":0,"1":0,"2":0,"3":0,"4":0,"5":0,"6":0,"7":0,"8":0,"9":0,"10":0,"11":0,"12":0},"f":{"0":0,"1":0},"b":{"0":[0,0],"1":[0,0,0,0,0],"2":[0,0],"3":[0,0]}}
,"C:\\Users\\Patty\\Desktop\\Surreal Systems\\fivver_doup\\src\\config\\database.ts": {"path":"C:\\Users\\Patty\\Desktop\\Surreal Systems\\fivver_doup\\src\\config\\database.ts","statementMap":{"0":{"start":{"line":1,"column":0},"end":{"line":1,"column":38}},"1":{"start":{"line":2,"column":0},"end":{"line":2,"column":28}},"2":{"start":{"line":5,"column":0},"end":{"line":5,"column":16}},"3":{"start":{"line":15,"column":4},"end":{"line":15,"column":15}},"4":{"start":{"line":18,"column":0},"end":{"line":20,"column":1}},"5":{"start":{"line":19,"column":2},"end":{"line":19,"column":69}},"6":{"start":{"line":23,"column":15},"end":{"line":23,"column":32}},"7":{"start":{"line":26,"column":18},"end":{"line":43,"column":2}},"8":{"start":{"line":69,"column":9},"end":{"line":69,"column":18}},"9":{"start":{"line":46,"column":23},"end":{"line":62,"column":1}},"10":{"start":{"line":47,"column":2},"end":{"line":61,"column":3}},"11":{"start":{"line":48,"column":4},"end":{"line":48,"column":35}},"12":{"start":{"line":49,"column":4},"end":{"line":49,"column":74}},"13":{"start":{"line":51,"column":4},"end":{"line":54,"column":5}},"14":{"start":{"line":52,"column":6},"end":{"line":52,"column":44}},"15":{"start":{"line":53,"column":6},"end":{"line":53,"column":45}},"16":{"start":{"line":56,"column":4},"end":{"line":56,"column":104}},"17":{"start":{"line":58,"column":4},"end":{"line":60,"column":5}},"18":{"start":{"line":59,"column":6},"end":{"line":59,"column":22}},"19":{"start":{"line":69,"column":20},"end":{"line":69,"column":34}},"20":{"start":{"line":65,"column":0},"end":{"line":67,"column":1}},"21":{"start":{"line":66,"column":2},"end":{"line":66,"column":19}}},"fnMap":{"0":{"name":"(anonymous_1)","decl":{"start":{"line":46,"column":23},"end":{"line":46,"column":28}},"loc":{"start":{"line":46,"column":49},"end":{"line":62,"column":1}}}},"branchMap":{"0":{"loc":{"start":{"line":18,"column":0},"end":{"line":20,"column":1}},"type":"if","locations":[{"start":{"line":18,"column":0},"end":{"line":20,"column":1}}]},"1":{"loc":{"start":{"line":18,"column":4},"end":{"line":18,"column":67}},"type":"binary-expr","locations":[{"start":{"line":18,"column":4},"end":{"line":18,"column":12}},{"start":{"line":18,"column":16},"end":{"line":18,"column":24}},{"start":{"line":18,"column":28},"end":{"line":18,"column":40}},{"start":{"line":18,"column":44},"end":{"line":18,"column":52}},{"start":{"line":18,"column":56},"end":{"line":18,"column":67}}]},"2":{"loc":{"start":{"line":29,"column":11},"end":{"line":29,"column":59}},"type":"cond-expr","locations":[{"start":{"line":29,"column":40},"end":{"line":29,"column":51}},{"start":{"line":29,"column":54},"end":{"line":29,"column":59}}]},"3":{"loc":{"start":{"line":31,"column":9},"end":{"line":31,"column":55}},"type":"cond-expr","locations":[{"start":{"line":31,"column":18},"end":{"line":31,"column":47}},{"start":{"line":31,"column":50},"end":{"line":31,"column":55}}]},"4":{"loc":{"start":{"line":51,"column":4},"end":{"line":54,"column":5}},"type":"if","locations":[{"start":{"line":51,"column":4},"end":{"line":54,"column":5}}]},"5":{"loc":{"start":{"line":56,"column":56},"end":{"line":56,"column":102}},"type":"cond-expr","locations":[{"start":{"line":56,"column":81},"end":{"line":56,"column":94}},{"start":{"line":56,"column":97},"end":{"line":56,"column":102}}]},"6":{"loc":{"start":{"line":58,"column":4},"end":{"line":60,"column":5}},"type":"if","locations":[{"start":{"line":58,"column":4},"end":{"line":60,"column":5}}]},"7":{"loc":{"start":{"line":65,"column":0},"end":{"line":67,"column":1}},"type":"if","locations":[{"start":{"line":65,"column":0},"end":{"line":67,"column":1}}]}},"s":{"0":0,"1":0,"2":0,"3":0,"4":0,"5":0,"6":0,"7":0,"8":0,"9":0,"10":0,"11":0,"12":0,"13":0,"14":0,"15":0,"16":0,"17":0,"18":0,"19":0,"20":0,"21":0},"f":{"0":0},"b":{"0":[0],"1":[0,0,0,0,0],"2":[0,0],"3":[0,0],"4":[0],"5":[0,0],"6":[0],"7":[0]}}
,"C:\\Users\\Patty\\Desktop\\Surreal Systems\\fivver_doup\\src\\config\\logging.js": {"path":"C:\\Users\\Patty\\Desktop\\Surreal Systems\\fivver_doup\\src\\config\\logging.js","statementMap":{"0":{"start":{"line":1,"column":16},"end":{"line":1,"column":34}},"1":{"start":{"line":4,"column":20},"end":{"line":4,"column":57}},"2":{"start":{"line":7,"column":17},"end":{"line":7,"column":63}},"3":{"start":{"line":10,"column":15},"end":{"line":34,"column":2}},"4":{"start":{"line":37,"column":0},"end":{"line":45,"column":2}},"5":{"start":{"line":48,"column":0},"end":{"line":56,"column":2}},"6":{"start":{"line":58,"column":0},"end":{"line":58,"column":24}}},"fnMap":{},"branchMap":{"0":{"loc":{"start":{"line":4,"column":20},"end":{"line":4,"column":57}},"type":"binary-expr","locations":[{"start":{"line":4,"column":20},"end":{"line":4,"column":40}},{"start":{"line":4,"column":44},"end":{"line":4,"column":57}}],"line":4},"1":{"loc":{"start":{"line":7,"column":17},"end":{"line":7,"column":63}},"type":"cond-expr","locations":[{"start":{"line":7,"column":48},"end":{"line":7,"column":54}},{"start":{"line":7,"column":57},"end":{"line":7,"column":63}}],"line":7}},"s":{"0":0,"1":0,"2":0,"3":0,"4":0,"5":0,"6":0},"f":{},"b":{"0":[0,0],"1":[0,0]}}
,"C:\\Users\\Patty\\Desktop\\Surreal Systems\\fivver_doup\\src\\controllers\\authController.js": {"path":"C:\\Users\\Patty\\Desktop\\Surreal Systems\\fivver_doup\\src\\controllers\\authController.js","statementMap":{"0":{"start":{"line":1,"column":15},"end":{"line":1,"column":32}},"1":{"start":{"line":2,"column":12},"end":{"line":2,"column":35}},"2":{"start":{"line":3,"column":13},"end":{"line":3,"column":38}},"3":{"start":{"line":6,"column":0},"end":{"line":31,"column":2}},"4":{"start":{"line":7,"column":42},"end":{"line":7,"column":50}},"5":{"start":{"line":10,"column":4},"end":{"line":12,"column":5}},"6":{"start":{"line":11,"column":8},"end":{"line":11,"column":75}},"7":{"start":{"line":14,"column":4},"end":{"line":30,"column":5}},"8":{"start":{"line":16,"column":29},"end":{"line":16,"column":69}},"9":{"start":{"line":17,"column":8},"end":{"line":19,"column":9}},"10":{"start":{"line":18,"column":12},"end":{"line":18,"column":75}},"11":{"start":{"line":22,"column":31},"end":{"line":22,"column":62}},"12":{"start":{"line":23,"column":24},"end":{"line":23,"column":88}},"13":{"start":{"line":26,"column":8},"end":{"line":26,"column":89}},"14":{"start":{"line":28,"column":8},"end":{"line":28,"column":52}},"15":{"start":{"line":29,"column":8},"end":{"line":29,"column":65}},"16":{"start":{"line":34,"column":0},"end":{"line":59,"column":2}},"17":{"start":{"line":35,"column":32},"end":{"line":35,"column":40}},"18":{"start":{"line":38,"column":4},"end":{"line":40,"column":5}},"19":{"start":{"line":39,"column":8},"end":{"line":39,"column":83}},"20":{"start":{"line":42,"column":4},"end":{"line":58,"column":5}},"21":{"start":{"line":43,"column":21},"end":{"line":43,"column":61}},"22":{"start":{"line":46,"column":8},"end":{"line":54,"column":9}},"23":{"start":{"line":47,"column":26},"end":{"line":47,"column":96}},"24":{"start":{"line":50,"column":12},"end":{"line":50,"column":104}},"25":{"start":{"line":51,"column":12},"end":{"line":51,"column":73}},"26":{"start":{"line":53,"column":12},"end":{"line":53,"column":67}},"27":{"start":{"line":56,"column":8},"end":{"line":56,"column":45}},"28":{"start":{"line":57,"column":8},"end":{"line":57,"column":65}},"29":{"start":{"line":62,"column":0},"end":{"line":65,"column":2}},"30":{"start":{"line":63,"column":4},"end":{"line":63,"column":27}},"31":{"start":{"line":64,"column":4},"end":{"line":64,"column":59}}},"fnMap":{"0":{"name":"(anonymous_0)","decl":{"start":{"line":6,"column":23},"end":{"line":6,"column":24}},"loc":{"start":{"line":6,"column":43},"end":{"line":31,"column":1}},"line":6},"1":{"name":"(anonymous_1)","decl":{"start":{"line":34,"column":20},"end":{"line":34,"column":21}},"loc":{"start":{"line":34,"column":40},"end":{"line":59,"column":1}},"line":34},"2":{"name":"(anonymous_2)","decl":{"start":{"line":62,"column":21},"end":{"line":62,"column":22}},"loc":{"start":{"line":62,"column":35},"end":{"line":65,"column":1}},"line":62}},"branchMap":{"0":{"loc":{"start":{"line":10,"column":4},"end":{"line":12,"column":5}},"type":"if","locations":[{"start":{"line":10,"column":4},"end":{"line":12,"column":5}},{"start":{},"end":{}}],"line":10},"1":{"loc":{"start":{"line":10,"column":8},"end":{"line":10,"column":40}},"type":"binary-expr","locations":[{"start":{"line":10,"column":8},"end":{"line":10,"column":17}},{"start":{"line":10,"column":21},"end":{"line":10,"column":27}},{"start":{"line":10,"column":31},"end":{"line":10,"column":40}}],"line":10},"2":{"loc":{"start":{"line":17,"column":8},"end":{"line":19,"column":9}},"type":"if","locations":[{"start":{"line":17,"column":8},"end":{"line":19,"column":9}},{"start":{},"end":{}}],"line":17},"3":{"loc":{"start":{"line":38,"column":4},"end":{"line":40,"column":5}},"type":"if","locations":[{"start":{"line":38,"column":4},"end":{"line":40,"column":5}},{"start":{},"end":{}}],"line":38},"4":{"loc":{"start":{"line":38,"column":8},"end":{"line":38,"column":27}},"type":"binary-expr","locations":[{"start":{"line":38,"column":8},"end":{"line":38,"column":14}},{"start":{"line":38,"column":18},"end":{"line":38,"column":27}}],"line":38},"5":{"loc":{"start":{"line":46,"column":8},"end":{"line":54,"column":9}},"type":"if","locations":[{"start":{"line":46,"column":8},"end":{"line":54,"column":9}},{"start":{"line":52,"column":15},"end":{"line":54,"column":9}}],"line":46},"6":{"loc":{"start":{"line":46,"column":12},"end":{"line":46,"column":65}},"type":"binary-expr","locations":[{"start":{"line":46,"column":12},"end":{"line":46,"column":16}},{"start":{"line":46,"column":20},"end":{"line":46,"column":65}}],"line":46}},"s":{"0":0,"1":0,"2":0,"3":0,"4":0,"5":0,"6":0,"7":0,"8":0,"9":0,"10":0,"11":0,"12":0,"13":0,"14":0,"15":0,"16":0,"17":0,"18":0,"19":0,"20":0,"21":0,"22":0,"23":0,"24":0,"25":0,"26":0,"27":0,"28":0,"29":0,"30":0,"31":0},"f":{"0":0,"1":0,"2":0},"b":{"0":[0,0],"1":[0,0,0],"2":[0,0],"3":[0,0],"4":[0,0],"5":[0,0],"6":[0,0]}}
,"C:\\Users\\Patty\\Desktop\\Surreal Systems\\fivver_doup\\src\\controllers\\categoryController.js": {"path":"C:\\Users\\Patty\\Desktop\\Surreal Systems\\fivver_doup\\src\\controllers\\categoryController.js","statementMap":{"0":{"start":{"line":1,"column":17},"end":{"line":1,"column":46}},"1":{"start":{"line":4,"column":0},"end":{"line":19,"column":2}},"2":{"start":{"line":5,"column":21},"end":{"line":5,"column":29}},"3":{"start":{"line":8,"column":4},"end":{"line":10,"column":5}},"4":{"start":{"line":9,"column":8},"end":{"line":9,"column":77}},"5":{"start":{"line":12,"column":4},"end":{"line":18,"column":5}},"6":{"start":{"line":13,"column":28},"end":{"line":13,"column":59}},"7":{"start":{"line":14,"column":8},"end":{"line":14,"column":105}},"8":{"start":{"line":16,"column":8},"end":{"line":16,"column":57}},"9":{"start":{"line":17,"column":8},"end":{"line":17,"column":98}},"10":{"start":{"line":22,"column":0},"end":{"line":30,"column":2}},"11":{"start":{"line":23,"column":4},"end":{"line":29,"column":5}},"12":{"start":{"line":24,"column":27},"end":{"line":24,"column":51}},"13":{"start":{"line":25,"column":8},"end":{"line":25,"column":48}},"14":{"start":{"line":27,"column":8},"end":{"line":27,"column":59}},"15":{"start":{"line":28,"column":8},"end":{"line":28,"column":100}},"16":{"start":{"line":33,"column":0},"end":{"line":55,"column":2}},"17":{"start":{"line":34,"column":19},"end":{"line":34,"column":29}},"18":{"start":{"line":35,"column":21},"end":{"line":35,"column":29}},"19":{"start":{"line":38,"column":4},"end":{"line":40,"column":5}},"20":{"start":{"line":39,"column":8},"end":{"line":39,"column":88}},"21":{"start":{"line":42,"column":4},"end":{"line":54,"column":5}},"22":{"start":{"line":43,"column":25},"end":{"line":43,"column":52}},"23":{"start":{"line":44,"column":8},"end":{"line":46,"column":9}},"24":{"start":{"line":45,"column":12},"end":{"line":45,"column":75}},"25":{"start":{"line":49,"column":8},"end":{"line":49,"column":40}},"26":{"start":{"line":50,"column":8},"end":{"line":50,"column":92}},"27":{"start":{"line":52,"column":8},"end":{"line":52,"column":57}},"28":{"start":{"line":53,"column":8},"end":{"line":53,"column":98}},"29":{"start":{"line":58,"column":0},"end":{"line":73,"column":2}},"30":{"start":{"line":59,"column":19},"end":{"line":59,"column":29}},"31":{"start":{"line":61,"column":4},"end":{"line":72,"column":5}},"32":{"start":{"line":62,"column":25},"end":{"line":62,"column":52}},"33":{"start":{"line":63,"column":8},"end":{"line":65,"column":9}},"34":{"start":{"line":64,"column":12},"end":{"line":64,"column":75}},"35":{"start":{"line":67,"column":8},"end":{"line":67,"column":33}},"36":{"start":{"line":68,"column":8},"end":{"line":68,"column":82}},"37":{"start":{"line":70,"column":8},"end":{"line":70,"column":57}},"38":{"start":{"line":71,"column":8},"end":{"line":71,"column":98}}},"fnMap":{"0":{"name":"(anonymous_0)","decl":{"start":{"line":4,"column":25},"end":{"line":4,"column":26}},"loc":{"start":{"line":4,"column":45},"end":{"line":19,"column":1}},"line":4},"1":{"name":"(anonymous_1)","decl":{"start":{"line":22,"column":24},"end":{"line":22,"column":25}},"loc":{"start":{"line":22,"column":44},"end":{"line":30,"column":1}},"line":22},"2":{"name":"(anonymous_2)","decl":{"start":{"line":33,"column":25},"end":{"line":33,"column":26}},"loc":{"start":{"line":33,"column":45},"end":{"line":55,"column":1}},"line":33},"3":{"name":"(anonymous_3)","decl":{"start":{"line":58,"column":25},"end":{"line":58,"column":26}},"loc":{"start":{"line":58,"column":45},"end":{"line":73,"column":1}},"line":58}},"branchMap":{"0":{"loc":{"start":{"line":8,"column":4},"end":{"line":10,"column":5}},"type":"if","locations":[{"start":{"line":8,"column":4},"end":{"line":10,"column":5}},{"start":{},"end":{}}],"line":8},"1":{"loc":{"start":{"line":38,"column":4},"end":{"line":40,"column":5}},"type":"if","locations":[{"start":{"line":38,"column":4},"end":{"line":40,"column":5}},{"start":{},"end":{}}],"line":38},"2":{"loc":{"start":{"line":44,"column":8},"end":{"line":46,"column":9}},"type":"if","locations":[{"start":{"line":44,"column":8},"end":{"line":46,"column":9}},{"start":{},"end":{}}],"line":44},"3":{"loc":{"start":{"line":63,"column":8},"end":{"line":65,"column":9}},"type":"if","locations":[{"start":{"line":63,"column":8},"end":{"line":65,"column":9}},{"start":{},"end":{}}],"line":63}},"s":{"0":0,"1":0,"2":0,"3":0,"4":0,"5":0,"6":0,"7":0,"8":0,"9":0,"10":0,"11":0,"12":0,"13":0,"14":0,"15":0,"16":0,"17":0,"18":0,"19":0,"20":0,"21":0,"22":0,"23":0,"24":0,"25":0,"26":0,"27":0,"28":0,"29":0,"30":0,"31":0,"32":0,"33":0,"34":0,"35":0,"36":0,"37":0,"38":0},"f":{"0":0,"1":0,"2":0,"3":0},"b":{"0":[0,0],"1":[0,0],"2":[0,0],"3":[0,0]}}
,"C:\\Users\\Patty\\Desktop\\Surreal Systems\\fivver_doup\\src\\controllers\\orderController.js": {"path":"C:\\Users\\Patty\\Desktop\\Surreal Systems\\fivver_doup\\src\\controllers\\orderController.js","statementMap":{"0":{"start":{"line":6,"column":27},"end":{"line":40,"column":1}},"1":{"start":{"line":7,"column":48},"end":{"line":7,"column":56}},"2":{"start":{"line":10,"column":4},"end":{"line":12,"column":5}},"3":{"start":{"line":11,"column":8},"end":{"line":11,"column":103}},"4":{"start":{"line":14,"column":4},"end":{"line":39,"column":5}},"5":{"start":{"line":16,"column":21},"end":{"line":16,"column":48}},"6":{"start":{"line":17,"column":24},"end":{"line":17,"column":57}},"7":{"start":{"line":19,"column":8},"end":{"line":21,"column":9}},"8":{"start":{"line":20,"column":12},"end":{"line":20,"column":70}},"9":{"start":{"line":23,"column":8},"end":{"line":25,"column":9}},"10":{"start":{"line":24,"column":12},"end":{"line":24,"column":73}},"11":{"start":{"line":28,"column":25},"end":{"line":33,"column":10}},"12":{"start":{"line":35,"column":8},"end":{"line":35,"column":96}},"13":{"start":{"line":37,"column":8},"end":{"line":37,"column":54}},"14":{"start":{"line":38,"column":8},"end":{"line":38,"column":95}},"15":{"start":{"line":43,"column":25},"end":{"line":53,"column":1}},"16":{"start":{"line":44,"column":4},"end":{"line":52,"column":5}},"17":{"start":{"line":45,"column":23},"end":{"line":47,"column":10}},"18":{"start":{"line":48,"column":8},"end":{"line":48,"column":44}},"19":{"start":{"line":50,"column":8},"end":{"line":50,"column":55}},"20":{"start":{"line":51,"column":8},"end":{"line":51,"column":96}},"21":{"start":{"line":56,"column":28},"end":{"line":73,"column":1}},"22":{"start":{"line":57,"column":19},"end":{"line":57,"column":29}},"23":{"start":{"line":59,"column":4},"end":{"line":72,"column":5}},"24":{"start":{"line":60,"column":22},"end":{"line":62,"column":10}},"25":{"start":{"line":64,"column":8},"end":{"line":66,"column":9}},"26":{"start":{"line":65,"column":12},"end":{"line":65,"column":72}},"27":{"start":{"line":68,"column":8},"end":{"line":68,"column":43}},"28":{"start":{"line":70,"column":8},"end":{"line":70,"column":54}},"29":{"start":{"line":71,"column":8},"end":{"line":71,"column":95}},"30":{"start":{"line":76,"column":27},"end":{"line":106,"column":1}},"31":{"start":{"line":77,"column":19},"end":{"line":77,"column":29}},"32":{"start":{"line":78,"column":37},"end":{"line":78,"column":45}},"33":{"start":{"line":81,"column":4},"end":{"line":83,"column":5}},"34":{"start":{"line":82,"column":8},"end":{"line":82,"column":98}},"35":{"start":{"line":85,"column":4},"end":{"line":105,"column":5}},"36":{"start":{"line":86,"column":22},"end":{"line":86,"column":46}},"37":{"start":{"line":88,"column":8},"end":{"line":90,"column":9}},"38":{"start":{"line":89,"column":12},"end":{"line":89,"column":72}},"39":{"start":{"line":93,"column":8},"end":{"line":95,"column":9}},"40":{"start":{"line":94,"column":12},"end":{"line":94,"column":46}},"41":{"start":{"line":96,"column":8},"end":{"line":98,"column":9}},"42":{"start":{"line":97,"column":12},"end":{"line":97,"column":34}},"43":{"start":{"line":100,"column":8},"end":{"line":100,"column":27}},"44":{"start":{"line":101,"column":8},"end":{"line":101,"column":86}},"45":{"start":{"line":103,"column":8},"end":{"line":103,"column":54}},"46":{"start":{"line":104,"column":8},"end":{"line":104,"column":95}},"47":{"start":{"line":109,"column":27},"end":{"line":125,"column":1}},"48":{"start":{"line":110,"column":19},"end":{"line":110,"column":29}},"49":{"start":{"line":112,"column":4},"end":{"line":124,"column":5}},"50":{"start":{"line":113,"column":22},"end":{"line":113,"column":46}},"51":{"start":{"line":115,"column":8},"end":{"line":117,"column":9}},"52":{"start":{"line":116,"column":12},"end":{"line":116,"column":72}},"53":{"start":{"line":119,"column":8},"end":{"line":119,"column":30}},"54":{"start":{"line":120,"column":8},"end":{"line":120,"column":79}},"55":{"start":{"line":122,"column":8},"end":{"line":122,"column":54}},"56":{"start":{"line":123,"column":8},"end":{"line":123,"column":95}}},"fnMap":{"0":{"name":"(anonymous_0)","decl":{"start":{"line":6,"column":27},"end":{"line":6,"column":28}},"loc":{"start":{"line":6,"column":47},"end":{"line":40,"column":1}},"line":6},"1":{"name":"(anonymous_1)","decl":{"start":{"line":43,"column":25},"end":{"line":43,"column":26}},"loc":{"start":{"line":43,"column":45},"end":{"line":53,"column":1}},"line":43},"2":{"name":"(anonymous_2)","decl":{"start":{"line":56,"column":28},"end":{"line":56,"column":29}},"loc":{"start":{"line":56,"column":48},"end":{"line":73,"column":1}},"line":56},"3":{"name":"(anonymous_3)","decl":{"start":{"line":76,"column":27},"end":{"line":76,"column":28}},"loc":{"start":{"line":76,"column":47},"end":{"line":106,"column":1}},"line":76},"4":{"name":"(anonymous_4)","decl":{"start":{"line":109,"column":27},"end":{"line":109,"column":28}},"loc":{"start":{"line":109,"column":47},"end":{"line":125,"column":1}},"line":109}},"branchMap":{"0":{"loc":{"start":{"line":10,"column":4},"end":{"line":12,"column":5}},"type":"if","locations":[{"start":{"line":10,"column":4},"end":{"line":12,"column":5}},{"start":{},"end":{}}],"line":10},"1":{"loc":{"start":{"line":10,"column":8},"end":{"line":10,"column":46}},"type":"binary-expr","locations":[{"start":{"line":10,"column":8},"end":{"line":10,"column":15}},{"start":{"line":10,"column":19},"end":{"line":10,"column":29}},{"start":{"line":10,"column":33},"end":{"line":10,"column":46}}],"line":10},"2":{"loc":{"start":{"line":19,"column":8},"end":{"line":21,"column":9}},"type":"if","locations":[{"start":{"line":19,"column":8},"end":{"line":21,"column":9}},{"start":{},"end":{}}],"line":19},"3":{"loc":{"start":{"line":23,"column":8},"end":{"line":25,"column":9}},"type":"if","locations":[{"start":{"line":23,"column":8},"end":{"line":25,"column":9}},{"start":{},"end":{}}],"line":23},"4":{"loc":{"start":{"line":64,"column":8},"end":{"line":66,"column":9}},"type":"if","locations":[{"start":{"line":64,"column":8},"end":{"line":66,"column":9}},{"start":{},"end":{}}],"line":64},"5":{"loc":{"start":{"line":81,"column":4},"end":{"line":83,"column":5}},"type":"if","locations":[{"start":{"line":81,"column":4},"end":{"line":83,"column":5}},{"start":{},"end":{}}],"line":81},"6":{"loc":{"start":{"line":81,"column":8},"end":{"line":81,"column":32}},"type":"binary-expr","locations":[{"start":{"line":81,"column":8},"end":{"line":81,"column":21}},{"start":{"line":81,"column":25},"end":{"line":81,"column":32}}],"line":81},"7":{"loc":{"start":{"line":88,"column":8},"end":{"line":90,"column":9}},"type":"if","locations":[{"start":{"line":88,"column":8},"end":{"line":90,"column":9}},{"start":{},"end":{}}],"line":88},"8":{"loc":{"start":{"line":93,"column":8},"end":{"line":95,"column":9}},"type":"if","locations":[{"start":{"line":93,"column":8},"end":{"line":95,"column":9}},{"start":{},"end":{}}],"line":93},"9":{"loc":{"start":{"line":96,"column":8},"end":{"line":98,"column":9}},"type":"if","locations":[{"start":{"line":96,"column":8},"end":{"line":98,"column":9}},{"start":{},"end":{}}],"line":96},"10":{"loc":{"start":{"line":115,"column":8},"end":{"line":117,"column":9}},"type":"if","locations":[{"start":{"line":115,"column":8},"end":{"line":117,"column":9}},{"start":{},"end":{}}],"line":115}},"s":{"0":0,"1":0,"2":0,"3":0,"4":0,"5":0,"6":0,"7":0,"8":0,"9":0,"10":0,"11":0,"12":0,"13":0,"14":0,"15":0,"16":0,"17":0,"18":0,"19":0,"20":0,"21":0,"22":0,"23":0,"24":0,"25":0,"26":0,"27":0,"28":0,"29":0,"30":0,"31":0,"32":0,"33":0,"34":0,"35":0,"36":0,"37":0,"38":0,"39":0,"40":0,"41":0,"42":0,"43":0,"44":0,"45":0,"46":0,"47":0,"48":0,"49":0,"50":0,"51":0,"52":0,"53":0,"54":0,"55":0,"56":0},"f":{"0":0,"1":0,"2":0,"3":0,"4":0},"b":{"0":[0,0],"1":[0,0,0],"2":[0,0],"3":[0,0],"4":[0,0],"5":[0,0],"6":[0,0],"7":[0,0],"8":[0,0],"9":[0,0],"10":[0,0]}}
,"C:\\Users\\Patty\\Desktop\\Surreal Systems\\fivver_doup\\src\\controllers\\profileController.js": {"path":"C:\\Users\\Patty\\Desktop\\Surreal Systems\\fivver_doup\\src\\controllers\\profileController.js","statementMap":{"0":{"start":{"line":1,"column":17},"end":{"line":1,"column":42}},"1":{"start":{"line":2,"column":12},"end":{"line":2,"column":35}},"2":{"start":{"line":5,"column":0},"end":{"line":23,"column":2}},"3":{"start":{"line":6,"column":4},"end":{"line":22,"column":5}},"4":{"start":{"line":7,"column":27},"end":{"line":7,"column":35}},"5":{"start":{"line":10,"column":21},"end":{"line":10,"column":48}},"6":{"start":{"line":12,"column":8},"end":{"line":14,"column":9}},"7":{"start":{"line":13,"column":12},"end":{"line":13,"column":71}},"8":{"start":{"line":17,"column":45},"end":{"line":17,"column":58}},"9":{"start":{"line":18,"column":8},"end":{"line":18,"column":49}},"10":{"start":{"line":20,"column":8},"end":{"line":20,"column":56}},"11":{"start":{"line":21,"column":8},"end":{"line":21,"column":97}},"12":{"start":{"line":26,"column":0},"end":{"line":58,"column":2}},"13":{"start":{"line":27,"column":23},"end":{"line":27,"column":31}},"14":{"start":{"line":28,"column":37},"end":{"line":28,"column":45}},"15":{"start":{"line":31,"column":4},"end":{"line":33,"column":5}},"16":{"start":{"line":32,"column":8},"end":{"line":32,"column":121}},"17":{"start":{"line":35,"column":4},"end":{"line":57,"column":5}},"18":{"start":{"line":37,"column":21},"end":{"line":37,"column":48}},"19":{"start":{"line":39,"column":8},"end":{"line":41,"column":9}},"20":{"start":{"line":40,"column":12},"end":{"line":40,"column":71}},"21":{"start":{"line":44,"column":8},"end":{"line":44,"column":47}},"22":{"start":{"line":44,"column":22},"end":{"line":44,"column":47}},"23":{"start":{"line":45,"column":8},"end":{"line":45,"column":38}},"24":{"start":{"line":45,"column":19},"end":{"line":45,"column":38}},"25":{"start":{"line":46,"column":8},"end":{"line":46,"column":32}},"26":{"start":{"line":46,"column":17},"end":{"line":46,"column":32}},"27":{"start":{"line":49,"column":8},"end":{"line":49,"column":26}},"28":{"start":{"line":52,"column":48},"end":{"line":52,"column":61}},"29":{"start":{"line":53,"column":8},"end":{"line":53,"column":106}},"30":{"start":{"line":55,"column":8},"end":{"line":55,"column":56}},"31":{"start":{"line":56,"column":8},"end":{"line":56,"column":97}},"32":{"start":{"line":61,"column":0},"end":{"line":80,"column":2}},"33":{"start":{"line":62,"column":23},"end":{"line":62,"column":31}},"34":{"start":{"line":64,"column":4},"end":{"line":79,"column":5}},"35":{"start":{"line":65,"column":21},"end":{"line":65,"column":48}},"36":{"start":{"line":67,"column":8},"end":{"line":69,"column":9}},"37":{"start":{"line":68,"column":12},"end":{"line":68,"column":71}},"38":{"start":{"line":72,"column":8},"end":{"line":72,"column":29}},"39":{"start":{"line":75,"column":8},"end":{"line":75,"column":81}},"40":{"start":{"line":77,"column":8},"end":{"line":77,"column":56}},"41":{"start":{"line":78,"column":8},"end":{"line":78,"column":97}}},"fnMap":{"0":{"name":"(anonymous_0)","decl":{"start":{"line":5,"column":21},"end":{"line":5,"column":22}},"loc":{"start":{"line":5,"column":41},"end":{"line":23,"column":1}},"line":5},"1":{"name":"(anonymous_1)","decl":{"start":{"line":26,"column":24},"end":{"line":26,"column":25}},"loc":{"start":{"line":26,"column":44},"end":{"line":58,"column":1}},"line":26},"2":{"name":"(anonymous_2)","decl":{"start":{"line":61,"column":24},"end":{"line":61,"column":25}},"loc":{"start":{"line":61,"column":44},"end":{"line":80,"column":1}},"line":61}},"branchMap":{"0":{"loc":{"start":{"line":12,"column":8},"end":{"line":14,"column":9}},"type":"if","locations":[{"start":{"line":12,"column":8},"end":{"line":14,"column":9}},{"start":{},"end":{}}],"line":12},"1":{"loc":{"start":{"line":31,"column":4},"end":{"line":33,"column":5}},"type":"if","locations":[{"start":{"line":31,"column":4},"end":{"line":33,"column":5}},{"start":{},"end":{}}],"line":31},"2":{"loc":{"start":{"line":31,"column":8},"end":{"line":31,"column":35}},"type":"binary-expr","locations":[{"start":{"line":31,"column":8},"end":{"line":31,"column":17}},{"start":{"line":31,"column":21},"end":{"line":31,"column":27}},{"start":{"line":31,"column":31},"end":{"line":31,"column":35}}],"line":31},"3":{"loc":{"start":{"line":39,"column":8},"end":{"line":41,"column":9}},"type":"if","locations":[{"start":{"line":39,"column":8},"end":{"line":41,"column":9}},{"start":{},"end":{}}],"line":39},"4":{"loc":{"start":{"line":44,"column":8},"end":{"line":44,"column":47}},"type":"if","locations":[{"start":{"line":44,"column":8},"end":{"line":44,"column":47}},{"start":{},"end":{}}],"line":44},"5":{"loc":{"start":{"line":45,"column":8},"end":{"line":45,"column":38}},"type":"if","locations":[{"start":{"line":45,"column":8},"end":{"line":45,"column":38}},{"start":{},"end":{}}],"line":45},"6":{"loc":{"start":{"line":46,"column":8},"end":{"line":46,"column":32}},"type":"if","locations":[{"start":{"line":46,"column":8},"end":{"line":46,"column":32}},{"start":{},"end":{}}],"line":46},"7":{"loc":{"start":{"line":67,"column":8},"end":{"line":69,"column":9}},"type":"if","locations":[{"start":{"line":67,"column":8},"end":{"line":69,"column":9}},{"start":{},"end":{}}],"line":67}},"s":{"0":0,"1":0,"2":0,"3":0,"4":0,"5":0,"6":0,"7":0,"8":0,"9":0,"10":0,"11":0,"12":0,"13":0,"14":0,"15":0,"16":0,"17":0,"18":0,"19":0,"20":0,"21":0,"22":0,"23":0,"24":0,"25":0,"26":0,"27":0,"28":0,"29":0,"30":0,"31":0,"32":0,"33":0,"34":0,"35":0,"36":0,"37":0,"38":0,"39":0,"40":0,"41":0},"f":{"0":0,"1":0,"2":0},"b":{"0":[0,0],"1":[0,0],"2":[0,0,0],"3":[0,0],"4":[0,0],"5":[0,0],"6":[0,0],"7":[0,0]}}
,"C:\\Users\\Patty\\Desktop\\Surreal Systems\\fivver_doup\\src\\controllers\\reviewController.js": {"path":"C:\\Users\\Patty\\Desktop\\Surreal Systems\\fivver_doup\\src\\controllers\\reviewController.js","statementMap":{"0":{"start":{"line":1,"column":34},"end":{"line":1,"column":54}},"1":{"start":{"line":4,"column":0},"end":{"line":33,"column":2}},"2":{"start":{"line":5,"column":43},"end":{"line":5,"column":51}},"3":{"start":{"line":6,"column":23},"end":{"line":6,"column":31}},"4":{"start":{"line":9,"column":4},"end":{"line":11,"column":5}},"5":{"start":{"line":10,"column":8},"end":{"line":10,"column":97}},"6":{"start":{"line":13,"column":4},"end":{"line":32,"column":5}},"7":{"start":{"line":15,"column":24},"end":{"line":15,"column":57}},"8":{"start":{"line":16,"column":8},"end":{"line":18,"column":9}},"9":{"start":{"line":17,"column":12},"end":{"line":17,"column":74}},"10":{"start":{"line":21,"column":23},"end":{"line":26,"column":10}},"11":{"start":{"line":28,"column":8},"end":{"line":28,"column":88}},"12":{"start":{"line":30,"column":8},"end":{"line":30,"column":55}},"13":{"start":{"line":31,"column":8},"end":{"line":31,"column":96}},"14":{"start":{"line":36,"column":0},"end":{"line":60,"column":2}},"15":{"start":{"line":37,"column":26},"end":{"line":37,"column":36}},"16":{"start":{"line":39,"column":4},"end":{"line":59,"column":5}},"17":{"start":{"line":41,"column":24},"end":{"line":49,"column":10}},"18":{"start":{"line":51,"column":8},"end":{"line":53,"column":9}},"19":{"start":{"line":52,"column":12},"end":{"line":52,"column":90}},"20":{"start":{"line":55,"column":8},"end":{"line":55,"column":45}},"21":{"start":{"line":57,"column":8},"end":{"line":57,"column":56}},"22":{"start":{"line":58,"column":8},"end":{"line":58,"column":97}},"23":{"start":{"line":63,"column":0},"end":{"line":98,"column":2}},"24":{"start":{"line":64,"column":25},"end":{"line":64,"column":35}},"25":{"start":{"line":65,"column":32},"end":{"line":65,"column":40}},"26":{"start":{"line":66,"column":23},"end":{"line":66,"column":31}},"27":{"start":{"line":69,"column":4},"end":{"line":71,"column":5}},"28":{"start":{"line":70,"column":8},"end":{"line":70,"column":92}},"29":{"start":{"line":73,"column":4},"end":{"line":97,"column":5}},"30":{"start":{"line":75,"column":23},"end":{"line":75,"column":54}},"31":{"start":{"line":77,"column":8},"end":{"line":79,"column":9}},"32":{"start":{"line":78,"column":12},"end":{"line":78,"column":73}},"33":{"start":{"line":82,"column":8},"end":{"line":84,"column":9}},"34":{"start":{"line":83,"column":12},"end":{"line":83,"column":93}},"35":{"start":{"line":87,"column":8},"end":{"line":87,"column":43}},"36":{"start":{"line":87,"column":20},"end":{"line":87,"column":43}},"37":{"start":{"line":88,"column":8},"end":{"line":88,"column":46}},"38":{"start":{"line":88,"column":21},"end":{"line":88,"column":46}},"39":{"start":{"line":91,"column":8},"end":{"line":91,"column":28}},"40":{"start":{"line":93,"column":8},"end":{"line":93,"column":88}},"41":{"start":{"line":95,"column":8},"end":{"line":95,"column":55}},"42":{"start":{"line":96,"column":8},"end":{"line":96,"column":96}},"43":{"start":{"line":101,"column":0},"end":{"line":126,"column":2}},"44":{"start":{"line":102,"column":25},"end":{"line":102,"column":35}},"45":{"start":{"line":103,"column":23},"end":{"line":103,"column":31}},"46":{"start":{"line":105,"column":4},"end":{"line":125,"column":5}},"47":{"start":{"line":107,"column":23},"end":{"line":107,"column":54}},"48":{"start":{"line":109,"column":8},"end":{"line":111,"column":9}},"49":{"start":{"line":110,"column":12},"end":{"line":110,"column":73}},"50":{"start":{"line":114,"column":8},"end":{"line":116,"column":9}},"51":{"start":{"line":115,"column":12},"end":{"line":115,"column":93}},"52":{"start":{"line":119,"column":8},"end":{"line":119,"column":31}},"53":{"start":{"line":121,"column":8},"end":{"line":121,"column":80}},"54":{"start":{"line":123,"column":8},"end":{"line":123,"column":55}},"55":{"start":{"line":124,"column":8},"end":{"line":124,"column":96}}},"fnMap":{"0":{"name":"(anonymous_0)","decl":{"start":{"line":4,"column":23},"end":{"line":4,"column":24}},"loc":{"start":{"line":4,"column":43},"end":{"line":33,"column":1}},"line":4},"1":{"name":"(anonymous_1)","decl":{"start":{"line":36,"column":28},"end":{"line":36,"column":29}},"loc":{"start":{"line":36,"column":48},"end":{"line":60,"column":1}},"line":36},"2":{"name":"(anonymous_2)","decl":{"start":{"line":63,"column":23},"end":{"line":63,"column":24}},"loc":{"start":{"line":63,"column":43},"end":{"line":98,"column":1}},"line":63},"3":{"name":"(anonymous_3)","decl":{"start":{"line":101,"column":23},"end":{"line":101,"column":24}},"loc":{"start":{"line":101,"column":43},"end":{"line":126,"column":1}},"line":101}},"branchMap":{"0":{"loc":{"start":{"line":9,"column":4},"end":{"line":11,"column":5}},"type":"if","locations":[{"start":{"line":9,"column":4},"end":{"line":11,"column":5}},{"start":{},"end":{}}],"line":9},"1":{"loc":{"start":{"line":9,"column":8},"end":{"line":9,"column":41}},"type":"binary-expr","locations":[{"start":{"line":9,"column":8},"end":{"line":9,"column":18}},{"start":{"line":9,"column":22},"end":{"line":9,"column":29}},{"start":{"line":9,"column":33},"end":{"line":9,"column":41}}],"line":9},"2":{"loc":{"start":{"line":16,"column":8},"end":{"line":18,"column":9}},"type":"if","locations":[{"start":{"line":16,"column":8},"end":{"line":18,"column":9}},{"start":{},"end":{}}],"line":16},"3":{"loc":{"start":{"line":51,"column":8},"end":{"line":53,"column":9}},"type":"if","locations":[{"start":{"line":51,"column":8},"end":{"line":53,"column":9}},{"start":{},"end":{}}],"line":51},"4":{"loc":{"start":{"line":51,"column":12},"end":{"line":51,"column":44}},"type":"binary-expr","locations":[{"start":{"line":51,"column":12},"end":{"line":51,"column":20}},{"start":{"line":51,"column":24},"end":{"line":51,"column":44}}],"line":51},"5":{"loc":{"start":{"line":69,"column":4},"end":{"line":71,"column":5}},"type":"if","locations":[{"start":{"line":69,"column":4},"end":{"line":71,"column":5}},{"start":{},"end":{}}],"line":69},"6":{"loc":{"start":{"line":69,"column":8},"end":{"line":69,"column":27}},"type":"binary-expr","locations":[{"start":{"line":69,"column":8},"end":{"line":69,"column":15}},{"start":{"line":69,"column":19},"end":{"line":69,"column":27}}],"line":69},"7":{"loc":{"start":{"line":77,"column":8},"end":{"line":79,"column":9}},"type":"if","locations":[{"start":{"line":77,"column":8},"end":{"line":79,"column":9}},{"start":{},"end":{}}],"line":77},"8":{"loc":{"start":{"line":82,"column":8},"end":{"line":84,"column":9}},"type":"if","locations":[{"start":{"line":82,"column":8},"end":{"line":84,"column":9}},{"start":{},"end":{}}],"line":82},"9":{"loc":{"start":{"line":87,"column":8},"end":{"line":87,"column":43}},"type":"if","locations":[{"start":{"line":87,"column":8},"end":{"line":87,"column":43}},{"start":{},"end":{}}],"line":87},"10":{"loc":{"start":{"line":88,"column":8},"end":{"line":88,"column":46}},"type":"if","locations":[{"start":{"line":88,"column":8},"end":{"line":88,"column":46}},{"start":{},"end":{}}],"line":88},"11":{"loc":{"start":{"line":109,"column":8},"end":{"line":111,"column":9}},"type":"if","locations":[{"start":{"line":109,"column":8},"end":{"line":111,"column":9}},{"start":{},"end":{}}],"line":109},"12":{"loc":{"start":{"line":114,"column":8},"end":{"line":116,"column":9}},"type":"if","locations":[{"start":{"line":114,"column":8},"end":{"line":116,"column":9}},{"start":{},"end":{}}],"line":114}},"s":{"0":0,"1":0,"2":0,"3":0,"4":0,"5":0,"6":0,"7":0,"8":0,"9":0,"10":0,"11":0,"12":0,"13":0,"14":0,"15":0,"16":0,"17":0,"18":0,"19":0,"20":0,"21":0,"22":0,"23":0,"24":0,"25":0,"26":0,"27":0,"28":0,"29":0,"30":0,"31":0,"32":0,"33":0,"34":0,"35":0,"36":0,"37":0,"38":0,"39":0,"40":0,"41":0,"42":0,"43":0,"44":0,"45":0,"46":0,"47":0,"48":0,"49":0,"50":0,"51":0,"52":0,"53":0,"54":0,"55":0},"f":{"0":0,"1":0,"2":0,"3":0},"b":{"0":[0,0],"1":[0,0,0],"2":[0,0],"3":[0,0],"4":[0,0],"5":[0,0],"6":[0,0],"7":[0,0],"8":[0,0],"9":[0,0],"10":[0,0],"11":[0,0],"12":[0,0]}}
,"C:\\Users\\Patty\\Desktop\\Surreal Systems\\fivver_doup\\src\\controllers\\serviceController.js": {"path":"C:\\Users\\Patty\\Desktop\\Surreal Systems\\fivver_doup\\src\\controllers\\serviceController.js","statementMap":{"0":{"start":{"line":4,"column":29},"end":{"line":26,"column":1}},"1":{"start":{"line":5,"column":52},"end":{"line":5,"column":60}},"2":{"start":{"line":6,"column":19},"end":{"line":6,"column":31}},"3":{"start":{"line":8,"column":4},"end":{"line":10,"column":5}},"4":{"start":{"line":9,"column":8},"end":{"line":9,"column":72}},"5":{"start":{"line":12,"column":4},"end":{"line":25,"column":5}},"6":{"start":{"line":13,"column":27},"end":{"line":19,"column":10}},"7":{"start":{"line":21,"column":8},"end":{"line":21,"column":48}},"8":{"start":{"line":23,"column":8},"end":{"line":23,"column":56}},"9":{"start":{"line":24,"column":8},"end":{"line":24,"column":97}},"10":{"start":{"line":29,"column":27},"end":{"line":42,"column":1}},"11":{"start":{"line":30,"column":23},"end":{"line":30,"column":32}},"12":{"start":{"line":32,"column":4},"end":{"line":41,"column":5}},"13":{"start":{"line":33,"column":25},"end":{"line":35,"column":37}},"14":{"start":{"line":37,"column":8},"end":{"line":37,"column":46}},"15":{"start":{"line":39,"column":8},"end":{"line":39,"column":57}},"16":{"start":{"line":40,"column":8},"end":{"line":40,"column":98}},"17":{"start":{"line":45,"column":29},"end":{"line":62,"column":1}},"18":{"start":{"line":46,"column":19},"end":{"line":46,"column":29}},"19":{"start":{"line":47,"column":52},"end":{"line":47,"column":60}},"20":{"start":{"line":49,"column":4},"end":{"line":61,"column":5}},"21":{"start":{"line":50,"column":24},"end":{"line":50,"column":86}},"22":{"start":{"line":51,"column":8},"end":{"line":53,"column":9}},"23":{"start":{"line":52,"column":12},"end":{"line":52,"column":74}},"24":{"start":{"line":55,"column":8},"end":{"line":55,"column":70}},"25":{"start":{"line":57,"column":8},"end":{"line":57,"column":45}},"26":{"start":{"line":59,"column":8},"end":{"line":59,"column":56}},"27":{"start":{"line":60,"column":8},"end":{"line":60,"column":97}},"28":{"start":{"line":65,"column":29},"end":{"line":80,"column":1}},"29":{"start":{"line":66,"column":19},"end":{"line":66,"column":29}},"30":{"start":{"line":68,"column":4},"end":{"line":79,"column":5}},"31":{"start":{"line":69,"column":24},"end":{"line":69,"column":86}},"32":{"start":{"line":70,"column":8},"end":{"line":72,"column":9}},"33":{"start":{"line":71,"column":12},"end":{"line":71,"column":74}},"34":{"start":{"line":74,"column":8},"end":{"line":74,"column":32}},"35":{"start":{"line":75,"column":8},"end":{"line":75,"column":81}},"36":{"start":{"line":77,"column":8},"end":{"line":77,"column":56}},"37":{"start":{"line":78,"column":8},"end":{"line":78,"column":97}}},"fnMap":{"0":{"name":"(anonymous_0)","decl":{"start":{"line":4,"column":29},"end":{"line":4,"column":30}},"loc":{"start":{"line":4,"column":49},"end":{"line":26,"column":1}},"line":4},"1":{"name":"(anonymous_1)","decl":{"start":{"line":29,"column":27},"end":{"line":29,"column":28}},"loc":{"start":{"line":29,"column":47},"end":{"line":42,"column":1}},"line":29},"2":{"name":"(anonymous_2)","decl":{"start":{"line":45,"column":29},"end":{"line":45,"column":30}},"loc":{"start":{"line":45,"column":49},"end":{"line":62,"column":1}},"line":45},"3":{"name":"(anonymous_3)","decl":{"start":{"line":65,"column":29},"end":{"line":65,"column":30}},"loc":{"start":{"line":65,"column":49},"end":{"line":80,"column":1}},"line":65}},"branchMap":{"0":{"loc":{"start":{"line":8,"column":4},"end":{"line":10,"column":5}},"type":"if","locations":[{"start":{"line":8,"column":4},"end":{"line":10,"column":5}},{"start":{},"end":{}}],"line":8},"1":{"loc":{"start":{"line":33,"column":25},"end":{"line":35,"column":37}},"type":"cond-expr","locations":[{"start":{"line":34,"column":14},"end":{"line":34,"column":58}},{"start":{"line":35,"column":14},"end":{"line":35,"column":37}}],"line":33},"2":{"loc":{"start":{"line":51,"column":8},"end":{"line":53,"column":9}},"type":"if","locations":[{"start":{"line":51,"column":8},"end":{"line":53,"column":9}},{"start":{},"end":{}}],"line":51},"3":{"loc":{"start":{"line":70,"column":8},"end":{"line":72,"column":9}},"type":"if","locations":[{"start":{"line":70,"column":8},"end":{"line":72,"column":9}},{"start":{},"end":{}}],"line":70}},"s":{"0":0,"1":0,"2":0,"3":0,"4":0,"5":0,"6":0,"7":0,"8":0,"9":0,"10":0,"11":0,"12":0,"13":0,"14":0,"15":0,"16":0,"17":0,"18":0,"19":0,"20":0,"21":0,"22":0,"23":0,"24":0,"25":0,"26":0,"27":0,"28":0,"29":0,"30":0,"31":0,"32":0,"33":0,"34":0,"35":0,"36":0,"37":0},"f":{"0":0,"1":0,"2":0,"3":0},"b":{"0":[0,0],"1":[0,0],"2":[0,0],"3":[0,0]}}
,"C:\\Users\\Patty\\Desktop\\Surreal Systems\\fivver_doup\\src\\controllers\\userController.js": {"path":"C:\\Users\\Patty\\Desktop\\Surreal Systems\\fivver_doup\\src\\controllers\\userController.js","statementMap":{"0":{"start":{"line":1,"column":17},"end":{"line":1,"column":37}},"1":{"start":{"line":4,"column":0},"end":{"line":43,"column":2}},"2":{"start":{"line":5,"column":19},"end":{"line":5,"column":30}},"3":{"start":{"line":6,"column":29},"end":{"line":6,"column":51}},"4":{"start":{"line":8,"column":4},"end":{"line":42,"column":5}},"5":{"start":{"line":10,"column":21},"end":{"line":10,"column":48}},"6":{"start":{"line":11,"column":8},"end":{"line":13,"column":9}},"7":{"start":{"line":12,"column":12},"end":{"line":12,"column":71}},"8":{"start":{"line":15,"column":28},"end":{"line":15,"column":38}},"9":{"start":{"line":18,"column":8},"end":{"line":28,"column":9}},"10":{"start":{"line":20,"column":12},"end":{"line":20,"column":102}},"11":{"start":{"line":23,"column":12},"end":{"line":23,"column":31}},"12":{"start":{"line":24,"column":12},"end":{"line":24,"column":47}},"13":{"start":{"line":25,"column":12},"end":{"line":25,"column":53}},"14":{"start":{"line":26,"column":12},"end":{"line":26,"column":61}},"15":{"start":{"line":27,"column":12},"end":{"line":27,"column":89}},"16":{"start":{"line":31,"column":8},"end":{"line":31,"column":26}},"17":{"start":{"line":34,"column":8},"end":{"line":38,"column":11}},"18":{"start":{"line":40,"column":8},"end":{"line":40,"column":62}},"19":{"start":{"line":41,"column":8},"end":{"line":41,"column":103}}},"fnMap":{"0":{"name":"(anonymous_0)","decl":{"start":{"line":4,"column":24},"end":{"line":4,"column":25}},"loc":{"start":{"line":4,"column":44},"end":{"line":43,"column":1}},"line":4}},"branchMap":{"0":{"loc":{"start":{"line":6,"column":29},"end":{"line":6,"column":51}},"type":"binary-expr","locations":[{"start":{"line":6,"column":29},"end":{"line":6,"column":46}},{"start":{"line":6,"column":50},"end":{"line":6,"column":51}}],"line":6},"1":{"loc":{"start":{"line":11,"column":8},"end":{"line":13,"column":9}},"type":"if","locations":[{"start":{"line":11,"column":8},"end":{"line":13,"column":9}},{"start":{},"end":{}}],"line":11},"2":{"loc":{"start":{"line":18,"column":8},"end":{"line":28,"column":9}},"type":"if","locations":[{"start":{"line":18,"column":8},"end":{"line":28,"column":9}},{"start":{"line":21,"column":15},"end":{"line":28,"column":9}}],"line":18},"3":{"loc":{"start":{"line":18,"column":12},"end":{"line":18,"column":74}},"type":"binary-expr","locations":[{"start":{"line":18,"column":12},"end":{"line":18,"column":32}},{"start":{"line":18,"column":36},"end":{"line":18,"column":74}}],"line":18}},"s":{"0":0,"1":0,"2":0,"3":0,"4":0,"5":0,"6":0,"7":0,"8":0,"9":0,"10":0,"11":0,"12":0,"13":0,"14":0,"15":0,"16":0,"17":0,"18":0,"19":0},"f":{"0":0},"b":{"0":[0,0],"1":[0,0],"2":[0,0],"3":[0,0]}}
,"C:\\Users\\Patty\\Desktop\\Surreal Systems\\fivver_doup\\src\\middlewares\\auth.js": {"path":"C:\\Users\\Patty\\Desktop\\Surreal Systems\\fivver_doup\\src\\middlewares\\auth.js","statementMap":{"0":{"start":{"line":1,"column":12},"end":{"line":1,"column":35}},"1":{"start":{"line":2,"column":15},"end":{"line":2,"column":42}},"2":{"start":{"line":4,"column":19},"end":{"line":4,"column":36}},"3":{"start":{"line":5,"column":23},"end":{"line":5,"column":52}},"4":{"start":{"line":8,"column":0},"end":{"line":12,"column":2}},"5":{"start":{"line":9,"column":4},"end":{"line":11,"column":7}},"6":{"start":{"line":15,"column":0},"end":{"line":29,"column":2}},"7":{"start":{"line":16,"column":18},"end":{"line":16,"column":61}},"8":{"start":{"line":18,"column":4},"end":{"line":20,"column":5}},"9":{"start":{"line":19,"column":8},"end":{"line":19,"column":70}},"10":{"start":{"line":22,"column":4},"end":{"line":28,"column":7}},"11":{"start":{"line":23,"column":8},"end":{"line":25,"column":9}},"12":{"start":{"line":24,"column":12},"end":{"line":24,"column":89}},"13":{"start":{"line":26,"column":8},"end":{"line":26,"column":32}},"14":{"start":{"line":27,"column":8},"end":{"line":27,"column":15}}},"fnMap":{"0":{"name":"(anonymous_0)","decl":{"start":{"line":8,"column":24},"end":{"line":8,"column":25}},"loc":{"start":{"line":8,"column":36},"end":{"line":12,"column":1}},"line":8},"1":{"name":"(anonymous_1)","decl":{"start":{"line":15,"column":22},"end":{"line":15,"column":23}},"loc":{"start":{"line":15,"column":42},"end":{"line":29,"column":1}},"line":15},"2":{"name":"(anonymous_2)","decl":{"start":{"line":22,"column":34},"end":{"line":22,"column":35}},"loc":{"start":{"line":22,"column":52},"end":{"line":28,"column":5}},"line":22}},"branchMap":{"0":{"loc":{"start":{"line":5,"column":23},"end":{"line":5,"column":52}},"type":"binary-expr","locations":[{"start":{"line":5,"column":23},"end":{"line":5,"column":44}},{"start":{"line":5,"column":48},"end":{"line":5,"column":52}}],"line":5},"1":{"loc":{"start":{"line":18,"column":4},"end":{"line":20,"column":5}},"type":"if","locations":[{"start":{"line":18,"column":4},"end":{"line":20,"column":5}},{"start":{},"end":{}}],"line":18},"2":{"loc":{"start":{"line":23,"column":8},"end":{"line":25,"column":9}},"type":"if","locations":[{"start":{"line":23,"column":8},"end":{"line":25,"column":9}},{"start":{},"end":{}}],"line":23}},"s":{"0":0,"1":0,"2":0,"3":0,"4":0,"5":0,"6":0,"7":0,"8":0,"9":0,"10":0,"11":0,"12":0,"13":0,"14":0},"f":{"0":0,"1":0,"2":0},"b":{"0":[0,0],"1":[0,0],"2":[0,0]}}
,"C:\\Users\\Patty\\Desktop\\Surreal Systems\\fivver_doup\\src\\middlewares\\authMiddleware.js": {"path":"C:\\Users\\Patty\\Desktop\\Surreal Systems\\fivver_doup\\src\\middlewares\\authMiddleware.js","statementMap":{"0":{"start":{"line":4,"column":30},"end":{"line":28,"column":1}},"1":{"start":{"line":6,"column":23},"end":{"line":6,"column":50}},"2":{"start":{"line":7,"column":4},"end":{"line":9,"column":5}},"3":{"start":{"line":8,"column":8},"end":{"line":8,"column":101}},"4":{"start":{"line":12,"column":18},"end":{"line":12,"column":99}},"5":{"start":{"line":15,"column":4},"end":{"line":17,"column":5}},"6":{"start":{"line":16,"column":8},"end":{"line":16,"column":86}},"7":{"start":{"line":19,"column":4},"end":{"line":27,"column":5}},"8":{"start":{"line":21,"column":29},"end":{"line":21,"column":70}},"9":{"start":{"line":22,"column":8},"end":{"line":22,"column":32}},"10":{"start":{"line":23,"column":8},"end":{"line":23,"column":15}},"11":{"start":{"line":25,"column":8},"end":{"line":25,"column":66}},"12":{"start":{"line":26,"column":8},"end":{"line":26,"column":78}},"13":{"start":{"line":31,"column":30},"end":{"line":37,"column":1}},"14":{"start":{"line":31,"column":51},"end":{"line":37,"column":1}},"15":{"start":{"line":33,"column":4},"end":{"line":35,"column":5}},"16":{"start":{"line":34,"column":8},"end":{"line":34,"column":92}},"17":{"start":{"line":36,"column":4},"end":{"line":36,"column":11}},"18":{"start":{"line":40,"column":37},"end":{"line":46,"column":1}},"19":{"start":{"line":40,"column":63},"end":{"line":46,"column":1}},"20":{"start":{"line":42,"column":4},"end":{"line":44,"column":5}},"21":{"start":{"line":43,"column":8},"end":{"line":43,"column":114}},"22":{"start":{"line":45,"column":4},"end":{"line":45,"column":11}}},"fnMap":{"0":{"name":"(anonymous_0)","decl":{"start":{"line":4,"column":30},"end":{"line":4,"column":31}},"loc":{"start":{"line":4,"column":50},"end":{"line":28,"column":1}},"line":4},"1":{"name":"(anonymous_1)","decl":{"start":{"line":31,"column":30},"end":{"line":31,"column":31}},"loc":{"start":{"line":31,"column":51},"end":{"line":37,"column":1}},"line":31},"2":{"name":"(anonymous_2)","decl":{"start":{"line":31,"column":51},"end":{"line":31,"column":52}},"loc":{"start":{"line":31,"column":71},"end":{"line":37,"column":1}},"line":31},"3":{"name":"(anonymous_3)","decl":{"start":{"line":40,"column":37},"end":{"line":40,"column":38}},"loc":{"start":{"line":40,"column":63},"end":{"line":46,"column":1}},"line":40},"4":{"name":"(anonymous_4)","decl":{"start":{"line":40,"column":63},"end":{"line":40,"column":64}},"loc":{"start":{"line":40,"column":83},"end":{"line":46,"column":1}},"line":40}},"branchMap":{"0":{"loc":{"start":{"line":7,"column":4},"end":{"line":9,"column":5}},"type":"if","locations":[{"start":{"line":7,"column":4},"end":{"line":9,"column":5}},{"start":{},"end":{}}],"line":7},"1":{"loc":{"start":{"line":12,"column":18},"end":{"line":12,"column":99}},"type":"cond-expr","locations":[{"start":{"line":12,"column":53},"end":{"line":12,"column":79}},{"start":{"line":12,"column":82},"end":{"line":12,"column":99}}],"line":12},"2":{"loc":{"start":{"line":15,"column":4},"end":{"line":17,"column":5}},"type":"if","locations":[{"start":{"line":15,"column":4},"end":{"line":17,"column":5}},{"start":{},"end":{}}],"line":15},"3":{"loc":{"start":{"line":33,"column":4},"end":{"line":35,"column":5}},"type":"if","locations":[{"start":{"line":33,"column":4},"end":{"line":35,"column":5}},{"start":
[...]
e","57":"a","58":"l","59":" ","60":"S","61":"y","62":"s","63":"t","64":"e","65":"m","66":"s","67":"\\","68":"\\","69":"f","70":"i","71":"v","72":"v","73":"e","74":"r","75":"_","76":"d","77":"o","78":"u","79":"p","80":"\\","81":"\\","82":"s","83":"r","84":"c","85":"\\","86":"\\","87":"v","88":"i","89":"e","90":"w","91":"s","92":"\\","93":"\\","94":"h","95":"o","96":"m","97":"e","98":".","99":"v","100":"u","101":"e","102":"\"","103":"]","104":",","105":"\"","106":"n","107":"a","108":"m","109":"e","110":"s","111":"\"","112":":","113":"[","114":"]","115":",","116":"\"","117":"m","118":"a","119":"p","120":"p","121":"i","122":"n","123":"g","124":"s","125":"\"","126":":","127":"\"","128":";","129":";","130":";","131":";","132":";","133":";","134":"o","135":"C","136":"A","137":"S","138":"e","139":";","140":"E","141":"A","142":"C","143":"b","144":",","145":"I","146":"A","147":"A","148":"I","149":",","150":"E","151":"A","152":"A","153":"E","154":",","155":"M","156":"A","157":"A","158":"M","159":";","160":"E","161":"A","162":"C","163":"Z","164":",","165":"I","166":"A","167":"A","168":"I","169":",","170":"W","171":"A","172":"A","173":"J","174":",","175":"I","176":"A","177":"A","178":"I","179":",","180":"G","181":"A","182":"A","183":"G","184":";","185":"I","186":"A","187":"C","188":"L","189":",","190":"O","191":"A","192":"A","193":"O","194":";","195":"M","196":"A","197":"E","198":"L","199":",","200":"c","201":"A","202":"A","203":"c","204":",","205":"E","206":"A","207":"A","208":"E","209":";","210":"I","211":"A","212":"C","213":"l","214":"B","215":",","216":"C","217":"A","218":"A","219":"C","220":";","221":"E","222":"A","223":"C","224":"H","225":",","226":"C","227":"A","228":"A","229":"C","230":";","231":"E","232":"A","233":"C","234":"D","235":",","236":"O","237":"A","238":"A","239":"O","240":",","241":"E","242":"A","243":"A","244":"E","245":";","246":"I","247":"A","248":"E","249":"P","250":",","251":"K","252":"A","253":"A","254":"K","255":",","256":"W","257":"A","258":"A","259":"L","260":",","261":"K","262":"A","263":"A","264":"K","265":",","266":"G","267":"A","268":"A","269":"G","270":";","271":"M","272":"A","273":"C","274":"N","275":",","276":"K","277":"A","278":"A","279":"K","280":",","281":"C","282":"A","283":"A","284":"C","285":",","286":"k","287":"C","288":"A","289":"A","290":"k","291":"C","292":",","293":"C","294":"A","295":"A","296":"C","297":";","298":"I","299":"A","300":"C","301":"3","302":"C","303":";","304":"E","305":"A","306":"C","307":"F","308":";","309":"A","310":"A","311":"C","312":"F","313":",","314":"C","315":"A","316":"A","317":"C","318":"\"","319":",","320":"\"","321":"f","322":"i","323":"l","324":"e","325":"\"","326":":","327":"\"","328":"C","329":":","330":"\\","331":"\\","332":"U","333":"s","334":"e","335":"r","336":"s","337":"\\","338":"\\","339":"P","340":"a","341":"t","342":"t","343":"y","344":"\\","345":"\\","346":"D","347":"e","348":"s","349":"k","350":"t","351":"o","352":"p","353":"\\","354":"\\","355":"S","356":"u","357":"r","358":"r","359":"e","360":"a","361":"l","362":" ","363":"S","364":"y","365":"s","366":"t","367":"e","368":"m","369":"s","370":"\\","371":"\\","372":"f","373":"i","374":"v","375":"v","376":"e","377":"r","378":"_","379":"d","380":"o","381":"u","382":"p","383":"\\","384":"\\","385":"s","386":"r","387":"c","388":"\\","389":"\\","390":"v","391":"i","392":"e","393":"w","394":"s","395":"\\","396":"\\","397":"h","398":"o","399":"m","400":"e","401":".","402":"v","403":"u","404":"e","405":"\"","406":",","407":"\"","408":"s","409":"o","410":"u","411":"r","412":"c","413":"e","414":"s","415":"C","416":"o","417":"n","418":"t","419":"e","420":"n","421":"t","422":"\"","423":":","424":"[","425":"\"","426":"<","427":"t","428":"e","429":"m","430":"p","431":"l","432":"a","433":"t","434":"e","435":">","436":"\\","437":"r","438":"\\","439":"n","440":" ","441":" ","442":"<","443":"d","444":"i","445":"v","446":" ","447":"c","448":"l","449":"a","450":"s","451":"s","452":"=","453":"\\","454":"\"","455":"h","456":"o","457":"m","458":"e","459":"\\","460":"\"","461":">","462":"\\","463":"r","464":"\\","465":"n","466":" ","467":" ","468":" ","469":" ","470":"<","471":"h","472":"1","473":">","474":"W","475":"e","476":"l","477":"c","478":"o","479":"m","480":"e","481":" ","482":"t","483":"o","484":" ","485":"t","486":"h","487":"e","488":" ","489":"H","490":"o","491":"m","492":"e","493":" ","494":"P","495":"a","496":"g","497":"e","498":"<","499":"/","500":"h","501":"1","502":">","503":"\\","504":"r","505":"\\","506":"n","507":" ","508":" ","509":" ","510":" ","511":"<","512":"p","513":">","514":"{","515":"{","516":" ","517":"w","518":"e","519":"l","520":"c","521":"o","522":"m","523":"e","524":"M","525":"e","526":"s","527":"s","528":"a","529":"g","530":"e","531":" ","532":"}","533":"}","534":"<","535":"/","536":"p","537":">","538":"\\","539":"r","540":"\\","541":"n","542":" ","543":" ","544":" ","545":" ","546":"<","547":"b","548":"u","549":"t","550":"t","551":"o","552":"n","553":" ","554":"@","555":"c","556":"l","557":"i","558":"c","559":"k","560":"=","561":"\\","562":"\"","563":"g","564":"r","565":"e","566":"e","567":"t","568":"\\","569":"\"","570":">","571":"C","572":"l","573":"i","574":"c","575":"k","576":" ","577":"M","578":"e","579":"<","580":"/","581":"b","582":"u","583":"t","584":"t","585":"o","586":"n","587":">","588":"\\","589":"r","590":"\\","591":"n","592":" ","593":" ","594":"<","595":"/","596":"d","597":"i","598":"v","599":">","600":"\\","601":"r","602":"\\","603":"n","604":"<","605":"/","606":"t","607":"e","608":"m","609":"p","610":"l","611":"a","612":"t","613":"e","614":">","615":"\\","616":"r","617":"\\","618":"n","619":"\\","620":"r","621":"\\","622":"n","623":"<","624":"s","625":"c","626":"r","627":"i","628":"p","629":"t","630":">","631":"\\","632":"r","633":"\\","634":"n","635":"e","636":"x","637":"p","638":"o","639":"r","640":"t","641":" ","642":"d","643":"e","644":"f","645":"a","646":"u","647":"l","648":"t","649":" ","650":"{","651":"\\","652":"r","653":"\\","654":"n","655":" ","656":" ","657":"n","658":"a","659":"m","660":"e","661":":","662":" ","663":"'","664":"H","665":"o","666":"m","667":"e","668":"'","669":",","670":"\\","671":"r","672":"\\","673":"n","674":" ","675":" ","676":"d","677":"a","678":"t","679":"a","680":"(","681":")","682":" ","683":"{","684":"\\","685":"r","686":"\\","687":"n","688":" ","689":" ","690":" ","691":" ","692":"r","693":"e","694":"t","695":"u","696":"r","697":"n","698":" ","699":"{","700":"\\","701":"r","702":"\\","703":"n","704":" ","705":" ","706":" ","707":" ","708":" ","709":" ","710":"/","711":"/","712":" ","713":"R","714":"e","715":"a","716":"c","717":"t","718":"i","719":"v","720":"e","721":" ","722":"d","723":"a","724":"t","725":"a","726":" ","727":"p","728":"r","729":"o","730":"p","731":"e","732":"r","733":"t","734":"y","735":" ","736":"f","737":"o","738":"r","739":" ","740":"t","741":"h","742":"e","743":" ","744":"w","745":"e","746":"l","747":"c","748":"o","749":"m","750":"e","751":" ","752":"m","753":"e","754":"s","755":"s","756":"a","757":"g","758":"e","759":"\\","760":"r","761":"\\","762":"n","763":" ","764":" ","765":" ","766":" ","767":" ","768":" ","769":"w","770":"e","771":"l","772":"c","773":"o","774":"m","775":"e","776":"M","777":"e","778":"s","779":"s","780":"a","781":"g","782":"e","783":":","784":" ","785":"'","786":"T","787":"h","788":"i","789":"s","790":" ","791":"i","792":"s","793":" ","794":"y","795":"o","796":"u","797":"r","798":" ","799":"g","800":"o","801":"-","802":"t","803":"o","804":" ","805":"p","806":"l","807":"a","808":"c","809":"e","810":" ","811":"f","812":"o","813":"r","814":" ","815":"t","816":"h","817":"e","818":" ","819":"l","820":"a","821":"t","822":"e","823":"s","824":"t","825":" ","826":"u","827":"p","828":"d","829":"a","830":"t","831":"e","832":"s","833":"!","834":"'","835":",","836":"\\","837":"r","838":"\\","839":"n","840":" ","841":" ","842":" ","843":" ","844":"}","845":";","846":"\\","847":"r","848":"\\","849":"n","850":" ","851":" ","852":"}","853":",","854":"\\","855":"r","856":"\\","857":"n","858":" ","859":" ","860":"m","861":"e","862":"t","863":"h","864":"o","865":"d","866":"s","867":":","868":" ","869":"{","870":"\\","871":"r","872":"\\","873":"n","874":" ","875":" ","876":" ","877":" ","878":"/","879":"/","880":" ","881":"M","882":"e","883":"t","884":"h","885":"o","886":"d","887":" ","888":"t","889":"o","890":" ","891":"t","892":"r","893":"i","894":"g","895":"g","896":"e","897":"r","898":" ","899":"a","900":" ","901":"g","902":"r","903":"e","904":"e","905":"t","906":"i","907":"n","908":"g","909":" ","910":"m","911":"e","912":"s","913":"s","914":"a","915":"g","916":"e","917":"\\","918":"r","919":"\\","920":"n","921":" ","922":" ","923":" ","924":" ","925":"g","926":"r","927":"e","928":"e","929":"t","930":"(","931":")","932":" ","933":"{","934":"\\","935":"r","936":"\\","937":"n","938":" ","939":" ","940":" ","941":" ","942":" ","943":" ","944":"a","945":"l","946":"e","947":"r","948":"t","949":"(","950":"'","951":"H","952":"e","953":"l","954":"l","955":"o","956":"!","957":" ","958":"W","959":"e","960":"l","961":"c","962":"o","963":"m","964":"e","965":" ","966":"t","967":"o","968":" ","969":"t","970":"h","971":"e","972":" ","973":"h","974":"o","975":"m","976":"e","977":" ","978":"p","979":"a","980":"g","981":"e","982":"!","983":"'","984":")","985":";","986":"\\","987":"r","988":"\\","989":"n","990":" ","991":" ","992":" ","993":" ","994":"}","995":",","996":"\\","997":"r","998":"\\","999":"n","1000":" ","1001":" ","1002":"}","1003":",","1004":"\\","1005":"r","1006":"\\","1007":"n","1008":"}","1009":";","1010":"\\","1011":"r","1012":"\\","1013":"n","1014":"<","1015":"/","1016":"s","1017":"c","1018":"r","1019":"i","1020":"p","1021":"t","1022":">","1023":"\\","1024":"r","1025":"\\","1026":"n","1027":"\\","1028":"r","1029":"\\","1030":"n","1031":"<","1032":"s","1033":"t","1034":"y","1035":"l","1036":"e","1037":" ","1038":"s","1039":"c","1040":"o","1041":"p","1042":"e","1043":"d","1044":">","1045":"\\","1046":"r","1047":"\\","1048":"n","1049":".","1050":"h","1051":"o","1052":"m","1053":"e","1054":" ","1055":"{","1056":"\\","1057":"r","1058":"\\","1059":"n","1060":" ","1061":" ","1062":"p","1063":"a","1064":"d","1065":"d","1066":"i","1067":"n","1068":"g","1069":":","1070":" ","1071":"2","1072":"0","1073":"p","1074":"x","1075":";","1076":"\\","1077":"r","1078":"\\","1079":"n","1080":" ","1081":" ","1082":"b","1083":"a","1084":"c","1085":"k","1086":"g","1087":"r","1088":"o","1089":"u","1090":"n","1091":"d","1092":"-","1093":"c","1094":"o","1095":"l","1096":"o","1097":"r","1098":":","1099":" ","1100":"#","1101":"f","1102":"9","1103":"f","1104":"9","1105":"f","1106":"9","1107":";","1108":"\\","1109":"r","1110":"\\","1111":"n","1112":" ","1113":" ","1114":"b","1115":"o","1116":"r","1117":"d","1118":"e","1119":"r","1120":"-","1121":"r","1122":"a","1123":"d","1124":"i","1125":"u","1126":"s","1127":":","1128":" ","1129":"8","1130":"p","1131":"x","1132":";","1133":"\\","1134":"r","1135":"\\","1136":"n","1137":" ","1138":" ","1139":"b","1140":"o","1141":"x","1142":"-","1143":"s","1144":"h","1145":"a","1146":"d","1147":"o","1148":"w","1149":":","1150":" ","1151":"0","1152":" ","1153":"2","1154":"p","1155":"x","1156":" ","1157":"1","1158":"0","1159":"p","1160":"x","1161":" ","1162":"r","1163":"g","1164":"b","1165":"a","1166":"(","1167":"0","1168":",","1169":" ","1170":"0","1171":",","1172":" ","1173":"0","1174":",","1175":" ","1176":"0","1177":".","1178":"1","1179":")","1180":";","1181":"\\","1182":"r","1183":"\\","1184":"n","1185":" ","1186":" ","1187":"m","1188":"a","1189":"x","1190":"-","1191":"w","1192":"i","1193":"d","1194":"t","1195":"h","1196":":","1197":" ","1198":"6","1199":"0","1200":"0","1201":"p","1202":"x","1203":";","1204":"\\","1205":"r","1206":"\\","1207":"n","1208":" ","1209":" ","1210":"m","1211":"a","1212":"r","1213":"g","1214":"i","1215":"n","1216":":","1217":" ","1218":"0","1219":" ","1220":"a","1221":"u","1222":"t","1223":"o","1224":";","1225":"\\","1226":"r","1227":"\\","1228":"n","1229":" ","1230":" ","1231":"t","1232":"e","1233":"x","1234":"t","1235":"-","1236":"a","1237":"l","1238":"i","1239":"g","1240":"n","1241":":","1242":" ","1243":"c","1244":"e","1245":"n","1246":"t","1247":"e","1248":"r","1249":";","1250":"\\","1251":"r","1252":"\\","1253":"n","1254":"}","1255":"\\","1256":"r","1257":"\\","1258":"n","1259":"\\","1260":"r","1261":"\\","1262":"n","1263":"h","1264":"1","1265":" ","1266":"{","1267":"\\","1268":"r","1269":"\\","1270":"n","1271":" ","1272":" ","1273":"c","1274":"o","1275":"l","1276":"o","1277":"r","1278":":","1279":" ","1280":"#","1281":"3","1282":"3","1283":"3","1284":";","1285":"\\","1286":"r","1287":"\\","1288":"n","1289":" ","1290":" ","1291":"f","1292":"o","1293":"n","1294":"t","1295":"-","1296":"s","1297":"i","1298":"z","1299":"e","1300":":","1301":" ","1302":"2","1303":"r","1304":"e","1305":"m","1306":";","1307":"\\","1308":"r","1309":"\\","1310":"n","1311":"}","1312":"\\","1313":"r","1314":"\\","1315":"n","1316":"\\","1317":"r","1318":"\\","1319":"n","1320":"p","1321":" ","1322":"{","1323":"\\","1324":"r","1325":"\\","1326":"n","1327":" ","1328":" ","1329":"f","1330":"o","1331":"n","1332":"t","1333":"-","1334":"s","1335":"i","1336":"z","1337":"e","1338":":","1339":" ","1340":"1","1341":".","1342":"2","1343":"r","1344":"e","1345":"m","1346":";","1347":"\\","1348":"r","1349":"\\","1350":"n","1351":" ","1352":" ","1353":"c","1354":"o","1355":"l","1356":"o","1357":"r","1358":":","1359":" ","1360":"#","1361":"6","1362":"6","1363":"6","1364":";","1365":"\\","1366":"r","1367":"\\","1368":"n","1369":" ","1370":" ","1371":"m","1372":"a","1373":"r","1374":"g","1375":"i","1376":"n","1377":":","1378":" ","1379":"1","1380":"0","1381":"p","1382":"x","1383":" ","1384":"0","1385":";","1386":"\\","1387":"r","1388":"\\","1389":"n","1390":"}","1391":"\\","1392":"r","1393":"\\","1394":"n","1395":"\\","1396":"r","1397":"\\","1398":"n","1399":"b","1400":"u","1401":"t","1402":"t","1403":"o","1404":"n","1405":" ","1406":"{","1407":"\\","1408":"r","1409":"\\","1410":"n","1411":" ","1412":" ","1413":"p","1414":"a","1415":"d","1416":"d","1417":"i","1418":"n","1419":"g","1420":":","1421":" ","1422":"1","1423":"0","1424":"p","1425":"x","1426":" ","1427":"1","1428":"5","1429":"p","1430":"x","1431":";","1432":"\\","1433":"r","1434":"\\","1435":"n","1436":" ","1437":" ","1438":"b","1439":"a","1440":"c","1441":"k","1442":"g","1443":"r","1444":"o","1445":"u","1446":"n","1447":"d","1448":"-","1449":"c","1450":"o","1451":"l","1452":"o","1453":"r","1454":":","1455":" ","1456":"#","1457":"0","1458":"0","1459":"7","1460":"b","1461":"f","1462":"f","1463":";","1464":"\\","1465":"r","1466":"\\","1467":"n","1468":" ","1469":" ","1470":"c","1471":"o","1472":"l","1473":"o","1474":"r","1475":":","1476":" ","1477":"w","1478":"h","1479":"i","1480":"t","1481":"e","1482":";","1483":"\\","1484":"r","1485":"\\","1486":"n","1487":" ","1488":" ","1489":"b","1490":"o","1491":"r","1492":"d","1493":"e","1494":"r","1495":":","1496":" ","1497":"n","1498":"o","1499":"n","1500":"e","1501":";","1502":"\\","1503":"r","1504":"\\","1505":"n","1506":" ","1507":" ","1508":"b","1509":"o","1510":"r","1511":"d","1512":"e","1513":"r","1514":"-","1515":"r","1516":"a","1517":"d","1518":"i","1519":"u","1520":"s","1521":":","1522":" ","1523":"5","1524":"p","1525":"x","1526":";","1527":"\\","1528":"r","1529":"\\","1530":"n","1531":" ","1532":" ","1533":"c","1534":"u","1535":"r","1536":"s","1537":"o","1538":"r","1539":":","1540":" ","1541":"p","1542":"o","1543":"i","1544":"n","1545":"t","1546":"e","1547":"r","1548":";","1549":"\\","1550":"r","1551":"\\","1552":"n","1553":" ","1554":" ","1555":"f","1556":"o","1557":"n","1558":"t","1559":"-","1560":"s","1561":"i","1562":"z","1563":"e","1564":":","1565":" ","1566":"1","1567":"r","1568":"e","1569":"m","1570":";","1571":"\\","1572":"r","1573":"\\","1574":"n","1575":" ","1576":" ","1577":"t","1578":"r","1579":"a","1580":"n","1581":"s","1582":"i","1583":"t","1584":"i","1585":"o","1586":"n","1587":":","1588":" ","1589":"b","1590":"a","1591":"c","1592":"k","1593":"g","1594":"r","1595":"o","1596":"u","1597":"n","1598":"d","1599":"-","1600":"c","1601":"o","1602":"l","1603":"o","1604":"r","1605":" ","1606":"0","1607":".","1608":"3","1609":"s","1610":" ","1611":"e","1612":"a","1613":"s","1614":"e","1615":";","1616":"\\","1617":"r","1618":"\\","1619":"n","1620":"}","1621":"\\","1622":"r","1623":"\\","1624":"n","1625":"\\","1626":"r","1627":"\\","1628":"n","1629":"b","1630":"u","1631":"t","1632":"t","1633":"o","1634":"n","1635":":","1636":"h","1637":"o","1638":"v","1639":"e","1640":"r","1641":" ","1642":"{","1643":"\\","1644":"r","1645":"\\","1646":"n","1647":" ","1648":" ","1649":"b","1650":"a","1651":"c","1652":"k","1653":"g","1654":"r","1655":"o","1656":"u","1657":"n","1658":"d","1659":"-","1660":"c","1661":"o","1662":"l","1663":"o","1664":"r","1665":":","1666":" ","1667":"#","1668":"0","1669":"0","1670":"5","1671":"6","1672":"b","1673":"3","1674":";","1675":"\\","1676":"r","1677":"\\","1678":"n","1679":"}","1680":"\\","1681":"r","1682":"\\","1683":"n","1684":"\\","1685":"r","1686":"\\","1687":"n","1688":"/","1689":"*","1690":" ","1691":"M","1692":"a","1693":"k","1694":"e","1695":" ","1696":"i","1697":"t","1698":" ","1699":"r","1700":"e","1701":"s","1702":"p","1703":"o","1704":"n","1705":"s","1706":"i","1707":"v","1708":"e","1709":" ","1710":"*","1711":"/","1712":"\\","1713":"r","1714":"\\","1715":"n","1716":"@","1717":"m","1718":"e","1719":"d","1720":"i","1721":"a","1722":" ","1723":"(","1724":"m","1725":"a","1726":"x","1727":"-","1728":"w","1729":"i","1730":"d","1731":"t","1732":"h","1733":":","1734":" ","1735":"6","1736":"0","1737":"0","1738":"p","1739":"x","1740":")","1741":" ","1742":"{","1743":"\\","1744":"r","1745":"\\","1746":"n","1747":" ","1748":" ","1749":".","1750":"h","1751":"o","1752":"m","1753":"e","1754":" ","1755":"{","1756":"\\","1757":"r","1758":"\\","1759":"n","1760":" ","1761":" ","1762":" ","1763":" ","1764":"p","1765":"a","1766":"d","1767":"d","1768":"i","1769":"n","1770":"g","1771":":","1772":" ","1773":"1","1774":"5","1775":"p","1776":"x","1777":";","1778":"\\","1779":"r","1780":"\\","1781":"n","1782":" ","1783":" ","1784":"}","1785":"\\","1786":"r","1787":"\\","1788":"n","1789":"\\","1790":"r","1791":"\\","1792":"n","1793":" ","1794":" ","1795":"h","1796":"1","1797":" ","1798":"{","1799":"\\","1800":"r","1801":"\\","1802":"n","1803":" ","1804":" ","1805":" ","1806":" ","1807":"f","1808":"o","1809":"n","1810":"t","1811":"-","1812":"s","1813":"i","1814":"z","1815":"e","1816":":","1817":" ","1818":"1","1819":".","1820":"5","1821":"r","1822":"e","1823":"m","1824":";","1825":"\\","1826":"r","1827":"\\","1828":"n","1829":" ","1830":" ","1831":"}","1832":"\\","1833":"r","1834":"\\","1835":"n","1836":"\\","1837":"r","1838":"\\","1839":"n","1840":" ","1841":" ","1842":"p","1843":" ","1844":"{","1845":"\\","1846":"r","1847":"\\","1848":"n","1849":" ","1850":" ","1851":" ","1852":" ","1853":"f","1854":"o","1855":"n","1856":"t","1857":"-","1858":"s","1859":"i","1860":"z","1861":"e","1862":":","1863":" ","1864":"1","1865":"r","1866":"e","1867":"m","1868":";","1869":"\\","1870":"r","1871":"\\","1872":"n","1873":" ","1874":" ","1875":"}","1876":"\\","1877":"r","1878":"\\","1879":"n","1880":"\\","1881":"r","1882":"\\","1883":"n","1884":" ","1885":" ","1886":"b","1887":"u","1888":"t","1889":"t","1890":"o","1891":"n","1892":" ","1893":"{","1894":"\\","1895":"r","1896":"\\","1897":"n","1898":" ","1899":" ","1900":" ","1901":" ","1902":"w","1903":"i","1904":"d","1905":"t","1906":"h","1907":":","1908":" ","1909":"1","1910":"0","1911":"0","1912":"%","1913":";","1914":"\\","1915":"r","1916":"\\","1917":"n","1918":" ","1919":" ","1920":"}","1921":"\\","1922":"r","1923":"\\","1924":"n","1925":"}","1926":"\\","1927":"r","1928":"\\","1929":"n","1930":"<","1931":"/","1932":"s","1933":"t","1934":"y","1935":"l","1936":"e","1937":">","1938":"\\","1939":"r","1940":"\\","1941":"n","1942":"\"","1943":"]","1944":"}"}}
}
