TN:
SF:src\config\database.ts
FN:11,(anonymous_7)
FN:11,(anonymous_8)
FNF:2
FNH:2
FNDA:2,(anonymous_7)
FNDA:2,(anonymous_8)
DA:1,2
DA:4,2
DA:11,2
DA:12,2
DA:14,2
DA:15,1
DA:16,1
DA:19,1
DA:23,1
DA:28,2
LF:10
LH:10
BRDA:21,0,0,1
BRDA:21,0,1,0
BRF:2
BRH:1
end_of_record
TN:
SF:src\controllers\serviceController.ts
FN:5,(anonymous_7)
FN:5,(anonymous_8)
FN:22,(anonymous_9)
FN:22,(anonymous_10)
FNF:4
FNH:0
FNDA:0,(anonymous_7)
FNDA:0,(anonymous_8)
FNDA:0,(anonymous_9)
FNDA:0,(anonymous_10)
DA:3,1
DA:5,1
DA:6,0
DA:7,0
DA:8,0
DA:10,0
DA:16,0
DA:22,1
DA:23,0
DA:24,0
DA:25,0
DA:27,0
LF:12
LH:3
BRDA:17,0,0,0
BRDA:17,0,1,0
BRDA:28,1,0,0
BRDA:28,1,1,0
BRF:4
BRH:0
end_of_record
TN:
SF:src\services\serviceService.ts
FN:19,(anonymous_7)
FN:24,(anonymous_8)
FN:30,(anonymous_9)
FN:30,(anonymous_10)
FNF:4
FNH:0
FNDA:0,(anonymous_7)
FNDA:0,(anonymous_8)
FNDA:0,(anonymous_9)
FNDA:0,(anonymous_10)
DA:19,1
DA:24,0
DA:26,0
DA:30,1
DA:32,0
LF:5
LH:2
BRF:0
BRH:0
end_of_record
